Mono path[0] = 'C:/Users/18125/CRB15000-RL/Builds/GymMLP/ABB-RL_Data/Managed'
Mono config path = 'C:/Users/18125/CRB15000-RL/Builds/GymMLP/MonoBleedingEdge/etc'
[Physics::Module] Initialized MultithreadedJobDispatcher with 19 workers.
Initialize engine version: 2023.2.19f1 (95c298372b1e)
[Subsystems] Discovering subsystems at path C:/Users/18125/CRB15000-RL/Builds/GymMLP/ABB-RL_Data/UnitySubsystems
Forcing GfxDevice: Null
GfxDevice: creating device client; kGfxThreadingModeNonThreaded
NullGfxDevice:
    Version:  NULL 1.0 [1.0]
    Renderer: Null Device
    Vendor:   Unity Technologies
Begin MonoManager ReloadAssembly
- Loaded All Assemblies, in  3.808 seconds
- Finished resetting the current domain, in  0.002 seconds
ERROR: Shader Sprites/Default shader is not supported on this GPU (none of subshaders/fallbacks are suitable)
Microsoft Media Foundation video decoding to texture disabled: graphics device is Null, only Direct3D 11 and Direct3D 12 (only on desktop) are supported for hardware-accelerated video decoding.
ERROR: Shader Sprites/Mask shader is not supported on this GPU (none of subshaders/fallbacks are suitable)
Couldn't create a Convex Mesh from source mesh "Link3" within the maximum polygons limit (256). The partial hull will be used. Consider simplifying your mesh.
Couldn't create a Convex Mesh from source mesh "ID21" within the maximum polygons limit (256). The partial hull will be used. Consider simplifying your mesh.
ERROR: Shader Legacy Shaders/VertexLit shader is not supported on this GPU (none of subshaders/fallbacks are suitable)
WARNING: Shader Unsupported: 'Autodesk Interactive' - All subshaders removed
WARNING: Shader Did you use #pragma only_renderers and omit this platform?
WARNING: Shader If subshaders removal was intentional, you may have forgotten turning Fallback off?
ERROR: Shader Autodesk Interactive shader is not supported on this GPU (none of subshaders/fallbacks are suitable)
WARNING: Shader Unsupported: 'Autodesk Interactive' - All subshaders removed
WARNING: Shader Did you use #pragma only_renderers and omit this platform?
WARNING: Shader If subshaders removal was intentional, you may have forgotten turning Fallback off?
WARNING: Shader Unsupported: 'Standard' - All subshaders removed
WARNING: Shader Did you use #pragma only_renderers and omit this platform?
WARNING: Shader If subshaders removal was intentional, you may have forgotten turning Fallback off?
ERROR: Shader Standard shader is not supported on this GPU (none of subshaders/fallbacks are suitable)
WARNING: Shader Unsupported: 'Standard' - All subshaders removed
WARNING: Shader Did you use #pragma only_renderers and omit this platform?
WARNING: Shader If subshaders removal was intentional, you may have forgotten turning Fallback off?
UnloadTime: 0.403700 ms
BeginDistance: 0
prevBest: 0
SpeedReward: 0
AngleReward: 0
DistanceReward: 0
StepReward: 0
GroundHit: False
Log From last Episode End
BeginDistance: 0
prevBest: 0
SpeedReward: 0
AngleReward: 0
DistanceReward: 0
StepReward: 0
GroundHit: False
Log From last Episode End
BeginDistance: 0
prevBest: 0
SpeedReward: 0
AngleReward: 0
DistanceReward: 0
StepReward: 0
GroundHit: False
Log From last Episode End
BeginDistance: 0
prevBest: 0
SpeedReward: 0
AngleReward: 0
DistanceReward: 0
StepReward: 0
GroundHit: False
Log From last Episode End
BeginDistance: 0
prevBest: 0
SpeedReward: 0
AngleReward: 0
DistanceReward: 0
StepReward: 0
GroundHit: False
Log From last Episode End
BeginDistance: 0
prevBest: 0
SpeedReward: 0
AngleReward: 0
DistanceReward: 0
StepReward: 0
GroundHit: False
Log From last Episode End
BeginDistance: 0
prevBest: 0
SpeedReward: 0
AngleReward: 0
DistanceReward: 0
StepReward: 0
GroundHit: False
Log From last Episode End
BeginDistance: 0
prevBest: 0
SpeedReward: 0
AngleReward: 0
DistanceReward: 0
StepReward: 0
GroundHit: False
Log From last Episode End
BeginDistance: 0
prevBest: 0
SpeedReward: 0
AngleReward: 0
DistanceReward: 0
StepReward: 0
GroundHit: False
Log From last Episode End
BeginDistance: 0
prevBest: 0
SpeedReward: 0
AngleReward: 0
DistanceReward: 0
StepReward: 0
GroundHit: False
Log From last Episode End
BeginDistance: 0
prevBest: 0
SpeedReward: 0
AngleReward: 0
DistanceReward: 0
StepReward: 0
GroundHit: False
Log From last Episode End
BeginDistance: 0
prevBest: 0
SpeedReward: 0
AngleReward: 0
DistanceReward: 0
StepReward: 0
GroundHit: False
Log From last Episode End
BeginDistance: 0
prevBest: 0
SpeedReward: 0
AngleReward: 0
DistanceReward: 0
StepReward: 0
GroundHit: False
Log From last Episode End
BeginDistance: 0
prevBest: 0
SpeedReward: 0
AngleReward: 0
DistanceReward: 0
StepReward: 0
GroundHit: False
Log From last Episode End
BeginDistance: 0
prevBest: 0
SpeedReward: 0
AngleReward: 0
DistanceReward: 0
StepReward: 0
GroundHit: False
Log From last Episode End
BeginDistance: 0
prevBest: 0
SpeedReward: 0
AngleReward: 0
DistanceReward: 0
StepReward: 0
GroundHit: False
Log From last Episode End
Penalty: FingerB collided with Peg
Penalty: FingerA collided with Peg
Penalty: FingerB collided with Cube
Penalty: FingerA collided with Cube
Penalty: FingerB collided with Peg
Penalty: FingerB collided with Cube
Penalty: FingerA collided with Cube
Penalty: FingerB collided with Cube
Penalty: FingerA collided with Cube
Penalty: FingerB collided with Peg
Penalty: FingerA collided with Cube
Penalty: FingerB collided with Cube
Penalty: FingerA collided with Cube
Penalty: FingerB collided with Cube
Penalty: FingerB collided with Peg
Penalty: FingerA collided with Cube
Penalty: FingerA collided with Cube
Penalty: FingerB collided with Cube
Penalty: FingerB collided with Cube
Penalty: FingerA collided with Cube
Penalty: FingerB collided with Peg
Penalty: FingerA collided with Cube
Penalty: FingerB collided with Cube
Penalty: FingerB collided with Cube
Penalty: FingerA collided with Cube
Penalty: FingerB collided with Peg
Penalty: FingerB collided with Peg
Penalty: FingerB collided with Peg
Penalty: FingerB collided with Cube
Penalty: FingerA collided with Cube
Penalty: FingerA collided with Peg
Penalty: FingerB collided with Peg
Penalty: FingerA collided with Peg
Penalty: FingerA collided with Cube
Penalty: FingerB collided with Cube
Penalty: FingerA collided with Cube
Penalty: FingerB collided with Cube
Penalty: FingerB collided with Cube
Penalty: FingerA collided with Cube
Penalty: FingerA collided with Peg
BeginDistance: 0.7709301
prevBest: 0.1062698
SpeedReward: 0
AngleReward: -13.34967
DistanceReward: 198.8106
StepReward: 0
GroundHit: False
Log From last Episode End
BeginDistance: 0.7665963
prevBest: 0.1247646
SpeedReward: 0
AngleReward: -15.05092
DistanceReward: 153.387
StepReward: 0
GroundHit: False
Log From last Episode End
BeginDistance: 0.7409241
prevBest: 0.027234
SpeedReward: -8.458231
AngleReward: -21.90241
DistanceReward: 9.240151
StepReward: 0
GroundHit: True
Log From last Episode End
BeginDistance: 0.7723243
prevBest: 0.03886764
SpeedReward: -4.006703
AngleReward: -25.36464
DistanceReward: 26.79871
StepReward: 0
GroundHit: True
Log From last Episode End
BeginDistance: 0.7414279
prevBest: 0.1119052
SpeedReward: 0
AngleReward: -16.44997
DistanceReward: 164.5419
StepReward: 0
GroundHit: False
Log From last Episode End
BeginDistance: 0.7396034
prevBest: 0.1107927
SpeedReward: 0
AngleReward: -4.196656
DistanceReward: 165.0909
StepReward: 0
GroundHit: False
Log From last Episode End
BeginDistance: 0.7670417
prevBest: 0.07496947
SpeedReward: -0.06595574
AngleReward: -106.6736
DistanceReward: 97.46744
StepReward: 0
GroundHit: True
Log From last Episode End
BeginDistance: 0.7446897
prevBest: 0.1167528
SpeedReward: 0
AngleReward: -15.70321
DistanceReward: 150.01
StepReward: 0
GroundHit: False
Log From last Episode End
BeginDistance: 0.760709
prevBest: 0.1518855
SpeedReward: 0
AngleReward: -13.19851
DistanceReward: 247.3681
StepReward: 0
GroundHit: False
Log From last Episode End
BeginDistance: 0.7566372
prevBest: 0.1073128
SpeedReward: 0
AngleReward: -19.75808
DistanceReward: 206.2988
StepReward: 0
GroundHit: False
Log From last Episode End
BeginDistance: 0.7578905
prevBest: 0.1127477
SpeedReward: 0
AngleReward: -15.29264
DistanceReward: 172.6823
StepReward: 0
GroundHit: False
Log From last Episode End
BeginDistance: 0.7558968
prevBest: 0.1092243
SpeedReward: 0
AngleReward: -3.628249
DistanceReward: 202.1052
StepReward: 0
GroundHit: False
Log From last Episode End
BeginDistance: 0.7593515
prevBest: 0.1293618
SpeedReward: 0
AngleReward: -5.619044
DistanceReward: 161.7787
StepReward: 0
GroundHit: False
Log From last Episode End
BeginDistance: 0.7649793
prevBest: 0.08751616
SpeedReward: 0
AngleReward: -26.54695
DistanceReward: 106.0183
StepReward: 0
GroundHit: True
Log From last Episode End
BeginDistance: 0.7439894
prevBest: 0.01101492
SpeedReward: -10.48107
AngleReward: -51.04041
DistanceReward: 10.01323
StepReward: 0
GroundHit: True
Log From last Episode End
BeginDistance: 0.7476199
prevBest: 0.1096587
SpeedReward: 0
AngleReward: -12.81346
DistanceReward: 152.6528
StepReward: 0
GroundHit: False
Log From last Episode End
Penalty: FingerA collided with Cube
Penalty: FingerB collided with Cube
Penalty: FingerB collided with Cube
Penalty: FingerA collided with Cube
Penalty: FingerB collided with Peg
Penalty: FingerA collided with Peg
Penalty: FingerB collided with Cube
Penalty: FingerA collided with Cube
Penalty: FingerA collided with Cube
Penalty: FingerB collided with Cube
Penalty: FingerA collided with Cube
Penalty: FingerB collided with Cube
Penalty: FingerB collided with Peg
Penalty: FingerB collided with Peg
Penalty: FingerA collided with Peg
Penalty: FingerA collided with Peg
Penalty: FingerA collided with Cube
Penalty: FingerB collided with Peg
Penalty: FingerB collided with Cube
Penalty: FingerB collided with Peg
Penalty: FingerB collided with Cube
Penalty: FingerA collided with Cube
Penalty: link_6 collided with Peg
BeginDistance: 0.2716653
prevBest: 0.0513123
SpeedReward: -3.591565
AngleReward: -7.420961
DistanceReward: -22.9259
StepReward: 0
GroundHit: True
Log From last Episode End
Penalty: FingerA collided with Peg
Penalty: FingerB collided with Peg
Penalty: FingerA collided with Cube
Penalty: FingerB collided with Cube
Penalty: FingerA collided with Peg
Penalty: FingerA collided with Peg
Penalty: FingerB collided with Peg
Penalty: FingerA collided with Cube
Penalty: FingerB collided with Cube
BeginDistance: 0.3265825
prevBest: 0.0570261
SpeedReward: -2.369841
AngleReward: -48.51506
DistanceReward: 12.42854
StepReward: 0
GroundHit: True
Log From last Episode End
BeginDistance: 0.3559516
prevBest: 0.1303306
SpeedReward: 0
AngleReward: -14.25432
DistanceReward: 23.51331
StepReward: 0
GroundHit: False
Log From last Episode End
BeginDistance: 0.1921613
prevBest: 0.1071965
SpeedReward: 0
AngleReward: -13.60098
DistanceReward: -44.53428
StepReward: 0
GroundHit: False
Log From last Episode End
BeginDistance: 0.06355961
prevBest: 0.06355961
SpeedReward: 0
AngleReward: -16.09736
DistanceReward: -137.8647
StepReward: 0
GroundHit: False
Log From last Episode End
BeginDistance: 0.2344768
prevBest: 0.1357182
SpeedReward: 0
AngleReward: -16.48247
DistanceReward: -44.38562
StepReward: 0
GroundHit: False
Log From last Episode End
BeginDistance: 0.2227586
prevBest: 0.03109495
SpeedReward: -4.787077
AngleReward: -17.35403
DistanceReward: -122.4372
StepReward: 0
GroundHit: True
Log From last Episode End
BeginDistance: 0.1317944
prevBest: 0.0403951
SpeedReward: -2.807587
AngleReward: -34.57366
DistanceReward: -91.89392
StepReward: 0
GroundHit: True
Log From last Episode End
BeginDistance: 0.3484203
prevBest: 0.02302476
SpeedReward: -8.476869
AngleReward: -16.82338
DistanceReward: -63.82605
StepReward: 0
GroundHit: True
Log From last Episode End
BeginDistance: 0.1226905
prevBest: 0.1226905
SpeedReward: 0
AngleReward: -19.46549
DistanceReward: -85.66428
StepReward: 0
GroundHit: False
Log From last Episode End
BeginDistance: 0.3835851
prevBest: 0.1098448
SpeedReward: 0
AngleReward: -3.569256
DistanceReward: 26.36068
StepReward: 0
GroundHit: False
Log From last Episode End
BeginDistance: 0.2015074
prevBest: 0.1322512
SpeedReward: 0
AngleReward: -3.735678
DistanceReward: -65.42668
StepReward: 0
GroundHit: False
Log From last Episode End
BeginDistance: 0.2858614
prevBest: 0.1054162
SpeedReward: 0
AngleReward: -12.29101
DistanceReward: -21.23298
StepReward: 0
GroundHit: False
Log From last Episode End
BeginDistance: 0.341729
prevBest: 0.09978737
SpeedReward: 0
AngleReward: -3.838526
DistanceReward: 9.397126
StepReward: 0
GroundHit: False
Log From last Episode End
BeginDistance: 0.323972
prevBest: 0.1222844
SpeedReward: 0
AngleReward: -16.52254
DistanceReward: -1.279806
StepReward: 0
GroundHit: False
Log From last Episode End
BeginDistance: 0.3180408
prevBest: 0.1122719
SpeedReward: 0
AngleReward: -15.27009
DistanceReward: 4.732363
StepReward: 0
GroundHit: False
Log From last Episode End
Penalty: FingerB collided with Cube
Penalty: FingerB collided with Cube
Penalty: FingerA collided with Cube
Penalty: FingerA collided with Cube
Penalty: FingerB collided with Cube
Penalty: FingerA collided with Cube
Penalty: FingerB collided with Peg
Penalty: FingerB collided with Cube
Penalty: FingerB collided with Cube
Penalty: FingerA collided with Cube
Penalty: FingerA collided with Cube
Penalty: FingerA collided with Peg
Penalty: FingerA collided with Peg
Penalty: FingerA collided with Cube
BeginDistance: 0.346054
prevBest: 0.1193978
SpeedReward: 0
AngleReward: -5.155084
DistanceReward: -24.7796
StepReward: 0
GroundHit: False
Log From last Episode End
Penalty: FingerA collided with Cube
Penalty: FingerA collided with Peg
Penalty: FingerA collided with Peg
Penalty: FingerB collided with Cube
Penalty: FingerA collided with Cube
Penalty: FingerA collided with Peg
Penalty: FingerA collided with Peg
Penalty: FingerA collided with Peg
Penalty: FingerA collided with Peg
Penalty: FingerA collided with Peg
Penalty: FingerA collided with Peg
BeginDistance: 0.1916943
prevBest: 0.05503188
SpeedReward: -3.140899
AngleReward: -66.92577
DistanceReward: -42.81303
StepReward: 0
GroundHit: True
Log From last Episode End
BeginDistance: 0.2961982
prevBest: 0.09995996
SpeedReward: 0
AngleReward: -5.262181
DistanceReward: -14.04129
StepReward: 0
GroundHit: False
Log From last Episode End
BeginDistance: 0.1326915
prevBest: 0.1141275
SpeedReward: 0
AngleReward: -4.531368
DistanceReward: -78.87638
StepReward: 0
GroundHit: False
Log From last Episode End
BeginDistance: 0.1505151
prevBest: 0.1049115
SpeedReward: 0
AngleReward: -19.39266
DistanceReward: -66.51317
StepReward: 0
GroundHit: False
Log From last Episode End
BeginDistance: 0.3805362
prevBest: 0.06720077
SpeedReward: -2.135266
AngleReward: -95.07478
DistanceReward: -44.47142
StepReward: 0
GroundHit: True
Log From last Episode End
BeginDistance: 0.2186162
prevBest: 0.1234223
SpeedReward: 0
AngleReward: -13.15592
DistanceReward: -51.88886
StepReward: 0
GroundHit: False
Log From last Episode End
BeginDistance: 0.2057296
prevBest: 0.1157138
SpeedReward: 0
AngleReward: -16.34713
DistanceReward: -52.96933
StepReward: 0
GroundHit: False
Log From last Episode End
BeginDistance: 0.26231
prevBest: 0.1176495
SpeedReward: 0
AngleReward: -20.38846
DistanceReward: -13.52688
StepReward: 0
GroundHit: False
Log From last Episode End
BeginDistance: 0.1161234
prevBest: 0.05615791
SpeedReward: -2.402083
AngleReward: -21.86613
DistanceReward: -67.37646
StepReward: 0
GroundHit: True
Log From last Episode End
BeginDistance: 0.4145491
prevBest: 0.1107208
SpeedReward: 0
AngleReward: -12.54476
DistanceReward: 21.8427
StepReward: 0
GroundHit: False
Log From last Episode End
BeginDistance: 0.1506646
prevBest: 0.0545425
SpeedReward: -2.406111
AngleReward: -27.21834
DistanceReward: -49.46169
StepReward: 0
GroundHit: True
Log From last Episode End
BeginDistance: 0.231055
prevBest: 0.1096238
SpeedReward: 0
AngleReward: -3.549929
DistanceReward: -32.59154
StepReward: 0
GroundHit: False
Log From last Episode End
BeginDistance: 0.2815928
prevBest: 0.115532
SpeedReward: 0
AngleReward: -12.90873
DistanceReward: -22.04734
StepReward: 0
GroundHit: False
Log From last Episode End
BeginDistance: 0.2026285
prevBest: 0.04177004
SpeedReward: -3.521569
AngleReward: -28.05005
DistanceReward: -90.49372
StepReward: 0
GroundHit: True
Log From last Episode End
BeginDistance: 0.1378503
prevBest: 0.1232964
SpeedReward: 0
AngleReward: -11.17048
DistanceReward: -75.51092
StepReward: 0
GroundHit: False
Log From last Episode End
Penalty: FingerB collided with Cube
Penalty: FingerA collided with Cube
Penalty: FingerA collided with Cube
Penalty: FingerB collided with Cube
Penalty: FingerB collided with Cube
Penalty: FingerA collided with Cube
Penalty: FingerB collided with Peg
Penalty: FingerB collided with Cube
Penalty: FingerA collided with Cube
Penalty: FingerA collided with Cube
Penalty: FingerB collided with Cube
Penalty: FingerA collided with Peg
Penalty: FingerA collided with Peg
Penalty: FingerA collided with Peg
Penalty: FingerA collided with Cube
Penalty: FingerB collided with Cube
Penalty: FingerA collided with Cube
Penalty: FingerA collided with Peg
Penalty: FingerB collided with Cube
Penalty: FingerA collided with Peg
Penalty: FingerB collided with Cube
Penalty: FingerB collided with Cube
Penalty: FingerA collided with Cube
Penalty: FingerB collided with Cube
Penalty: FingerA collided with Cube
Penalty: FingerA collided with Peg
Penalty: FingerB collided with Cube
Penalty: FingerA collided with Cube
Penalty: FingerA collided with Peg
Penalty: FingerA collided with Peg
Penalty: FingerA collided with Peg
BeginDistance: 0.1840027
prevBest: 0.1298816
SpeedReward: 0
AngleReward: -11.85707
DistanceReward: -75.63001
StepReward: 0
GroundHit: False
Log From last Episode End
Penalty: FingerA collided with Peg
Penalty: FingerB collided with Cube
Penalty: FingerA collided with Cube
Penalty: FingerA collided with Peg
Penalty: FingerB collided with Cube
Penalty: FingerA collided with Cube
Penalty: FingerB collided with Cube
Penalty: link_6 collided with Cube
BeginDistance: 0.3075544
prevBest: 0.05417187
SpeedReward: -3.338467
AngleReward: -101.1082
DistanceReward: -2.089199
StepReward: 0
GroundHit: True
Log From last Episode End
Penalty: link_4 collided with Cube
BeginDistance: 0.3514609
prevBest: 0.3514609
SpeedReward: 0
AngleReward: 0
DistanceReward: 0
StepReward: 0
GroundHit: True
Log From last Episode End
Penalty: FingerA collided with Peg
BeginDistance: 0.2535957
prevBest: 0.1238581
SpeedReward: 0
AngleReward: -32.99102
DistanceReward: -82.33757
StepReward: 0
GroundHit: False
Log From last Episode End
BeginDistance: 0.387952
prevBest: 0.02897408
SpeedReward: -5.05827
AngleReward: -103.6747
DistanceReward: -120.402
StepReward: 0
GroundHit: True
Log From last Episode End
BeginDistance: 0.3230568
prevBest: 0.1103107
SpeedReward: 0
AngleReward: -14.21735
DistanceReward: -5.728079
StepReward: 0
GroundHit: False
Log From last Episode End
BeginDistance: 0.103582
prevBest: 0.103582
SpeedReward: 0
AngleReward: -3.877683
DistanceReward: -93.17173
StepReward: 0
GroundHit: False
Log From last Episode End
BeginDistance: 0.2849241
prevBest: 0.1169493
SpeedReward: 0
AngleReward: -25.8419
DistanceReward: -18.34531
StepReward: 0
GroundHit: False
Log From last Episode End
BeginDistance: 0.2447496
prevBest: 0.03629994
SpeedReward: -5.937949
AngleReward: -48.28515
DistanceReward: -65.54018
StepReward: 0
GroundHit: True
Log From last Episode End
BeginDistance: 0.2193874
prevBest: 0.1210768
SpeedReward: 0
AngleReward: -24.70898
DistanceReward: -51.65807
StepReward: 0
GroundHit: False
Log From last Episode End
BeginDistance: 0.3832117
prevBest: 0.0735665
SpeedReward: -0.8752137
AngleReward: -99.12431
DistanceReward: -26.20856
StepReward: 0
GroundHit: True
Log From last Episode End
BeginDistance: 0.2155863
prevBest: 0.123457
SpeedReward: 0
AngleReward: -14.22108
DistanceReward: -38.65963
StepReward: 0
GroundHit: False
Log From last Episode End
BeginDistance: 0.1537091
prevBest: 0.1236491
SpeedReward: 0
AngleReward: -14.79554
DistanceReward: -78.16365
StepReward: 0
GroundHit: False
Log From last Episode End
BeginDistance: 0.2022806
prevBest: 0.048002
SpeedReward: -3.628515
AngleReward: -15.48309
DistanceReward: -71.82095
StepReward: 0
GroundHit: True
Log From last Episode End
BeginDistance: 0.2497402
prevBest: 0.1070904
SpeedReward: 0
AngleReward: -4.400348
DistanceReward: -43.98246
StepReward: 0
GroundHit: False
Log From last Episode End
BeginDistance: 0.3123406
prevBest: 0.1299504
SpeedReward: 0
AngleReward: -15.31444
DistanceReward: -8.775776
StepReward: 0
GroundHit: False
Log From last Episode End
BeginDistance: 0.283519
prevBest: 0.1104804
SpeedReward: 0
AngleReward: -14.67072
DistanceReward: -11.28012
StepReward: 0
GroundHit: False
Log From last Episode End
Penalty: FingerB collided with Cube
Penalty: FingerA collided with Cube
Penalty: FingerB collided with Cube
Penalty: FingerA collided with Cube
Penalty: FingerA collided with Cube
Penalty: FingerB collided with Cube
BeginDistance: 0.1538983
prevBest: 0.1538983
SpeedReward: 0
AngleReward: -17.9052
DistanceReward: -129.0429
StepReward: 0
GroundHit: False
Log From last Episode End
Penalty: FingerB collided with Peg
Penalty: FingerA collided with Peg
Penalty: FingerB collided with Cube
Penalty: FingerA collided with Cube
Penalty: FingerA collided with Peg
Penalty: FingerA collided with Peg
Penalty: FingerA collided with Peg
Penalty: FingerB collided with Peg
Penalty: link_6 collided with Peg
BeginDistance: 0.2399036
prevBest: 0.01678312
SpeedReward: -4.016545
AngleReward: -71.25621
DistanceReward: -109.7604
StepReward: 0
GroundHit: True
Log From last Episode End
Penalty: FingerA collided with Cube
Penalty: FingerB collided with Cube
BeginDistance: 0.3435143
prevBest: 0.0852384
SpeedReward: -0.156066
AngleReward: -113.5142
DistanceReward: -10.57159
StepReward: 0
GroundHit: True
Log From last Episode End
Penalty: FingerB collided with Peg
BeginDistance: 0.2204157
prevBest: 0.1052053
SpeedReward: 0
AngleReward: -4.051298
DistanceReward: -49.61675
StepReward: 0
GroundHit: False
Log From last Episode End
BeginDistance: 0.1570102
prevBest: 0.1133838
SpeedReward: 0
AngleReward: -14.74656
DistanceReward: -65.98257
StepReward: 0
GroundHit: False
Log From last Episode End
BeginDistance: 0.4626222
prevBest: 0.1114752
SpeedReward: 0
AngleReward: -3.544225
DistanceReward: 52.17188
StepReward: 0
GroundHit: False
Log From last Episode End
BeginDistance: 0.2441606
prevBest: 0.07699193
SpeedReward: -1.028033
AngleReward: -5.985098
DistanceReward: -82.50325
StepReward: 0
GroundHit: True
Log From last Episode End
BeginDistance: 0.1230998
prevBest: 0.1193283
SpeedReward: 0
AngleReward: -14.76624
DistanceReward: -97.30567
StepReward: 0
GroundHit: False
Log From last Episode End
BeginDistance: 0.3424052
prevBest: 0.1095304
SpeedReward: 0
AngleReward: -10.50737
DistanceReward: -3.812582
StepReward: 0
GroundHit: False
Log From last Episode End
BeginDistance: 0.1935765
prevBest: 0.1167722
SpeedReward: 0
AngleReward: -14.34925
DistanceReward: -59.7284
StepReward: 0
GroundHit: False
Log From last Episode End
BeginDistance: 0.06264136
prevBest: 0.06264136
SpeedReward: 0
AngleReward: -19.30177
DistanceReward: -161.4469
StepReward: 0
GroundHit: False
Log From last Episode End
BeginDistance: 0.3497862
prevBest: 0.1155018
SpeedReward: 0
AngleReward: -14.11777
DistanceReward: -3.984597
StepReward: 0
GroundHit: False
Log From last Episode End
BeginDistance: 0.1878185
prevBest: 0.1075069
SpeedReward: 0
AngleReward: -4.848225
DistanceReward: -54.9575
StepReward: 0
GroundHit: False
Log From last Episode End
BeginDistance: 0.2649187
prevBest: 0.1213068
SpeedReward: 0
AngleReward: -15.40294
DistanceReward: -32.88683
StepReward: 0
GroundHit: False
Log From last Episode End
BeginDistance: 0.2741109
prevBest: 0.1205403
SpeedReward: 0
AngleReward: -3.651553
DistanceReward: -31.7438
StepReward: 0
GroundHit: False
Log From last Episode End
BeginDistance: 0.3516426
prevBest: 0.1098563
SpeedReward: 0
AngleReward: -4.002325
DistanceReward: 13.21955
StepReward: 0
GroundHit: False
Log From last Episode End
Penalty: FingerA collided with Cube
Penalty: FingerB collided with Cube
Penalty: FingerB collided with Peg
Penalty: FingerA collided with Peg
Penalty: FingerB collided with Cube
Penalty: FingerB collided with Peg
Penalty: FingerA collided with Cube
Penalty: FingerB collided with Cube
Penalty: FingerA collided with Cube
Penalty: FingerA collided with Peg
Penalty: FingerB collided with Peg
Penalty: FingerA collided with Peg
Penalty: FingerB collided with Cube
Penalty: FingerA collided with Cube
Penalty: FingerA collided with Peg
Penalty: FingerA collided with Cube
Penalty: FingerB collided with Cube
Penalty: FingerB collided with Peg
Penalty: FingerB collided with Peg
Penalty: FingerB collided with Cube
Penalty: FingerA collided with Cube
Penalty: FingerA collided with Cube
Penalty: FingerB collided with Cube
Penalty: FingerB collided with Peg
Penalty: FingerB collided with Peg
Penalty: FingerA collided with Peg
BeginDistance: 0.5509573
prevBest: 0.1781991
SpeedReward: 0
AngleReward: -13.95712
DistanceReward: 65.41795
StepReward: 0
GroundHit: False
Log From last Episode End
Penalty: FingerA collided with Peg
Penalty: FingerA collided with Cube
Penalty: FingerB collided with Cube
Penalty: FingerB collided with Peg
Penalty: FingerA collided with Peg
Penalty: FingerA collided with Peg
Penalty: link_4 collided with Cube
BeginDistance: 0.2890137
prevBest: 0.02465673
SpeedReward: -1.58943
AngleReward: -12.21194
DistanceReward: -31.81416
StepReward: 0
GroundHit: True
Log From last Episode End
Penalty: FingerA collided with Peg
Penalty: FingerA collided with Peg
BeginDistance: 0.2862328
prevBest: 0.1053517
SpeedReward: 0
AngleReward: -5.407956
DistanceReward: -26.77198
StepReward: 0
GroundHit: False
Log From last Episode End
BeginDistance: 0.2528551
prevBest: 0.02482458
SpeedReward: -9.613369
AngleReward: -95.95392
DistanceReward: -66.2555
StepReward: 0
GroundHit: True
Log From last Episode End
BeginDistance: 0.1898831
prevBest: 0.05833329
SpeedReward: -2.428028
AngleReward: -58.11044
DistanceReward: -123.2981
StepReward: 0
GroundHit: True
Log From last Episode End
BeginDistance: 0.2051806
prevBest: 0.1206116
SpeedReward: 0
AngleReward: -21.27791
DistanceReward: -44.77816
StepReward: 0
GroundHit: False
Log From last Episode End
BeginDistance: 0.2862996
prevBest: 0.1205613
SpeedReward: 0
AngleReward: -19.70791
DistanceReward: -26.92937
StepReward: 0
GroundHit: False
Log From last Episode End
BeginDistance: 0.5264865
prevBest: 0.0747558
SpeedReward: -1.41897
AngleReward: -39.95571
DistanceReward: -62.47861
StepReward: 0
GroundHit: True
Log From last Episode End
BeginDistance: 0.4186926
prevBest: 0.1052614
SpeedReward: 0
AngleReward: -15.27313
DistanceReward: 52.2343
StepReward: 0
GroundHit: False
Log From last Episode End
BeginDistance: 0.3463217
prevBest: 0.06482318
SpeedReward: -0.9602523
AngleReward: -113.7105
DistanceReward: 31.99159
StepReward: 0
GroundHit: True
Log From last Episode End
BeginDistance: 0.3623867
prevBest: 0.02344551
SpeedReward: -3.604392
AngleReward: -56.52183
DistanceReward: -85.52901
StepReward: 0
GroundHit: True
Log From last Episode End
BeginDistance: 0.2305313
prevBest: 0.1017488
SpeedReward: 0
AngleReward: -18.88344
DistanceReward: -37.71243
StepReward: 0
GroundHit: False
Log From last Episode End
BeginDistance: 0.3324133
prevBest: 0.1184348
SpeedReward: 0
AngleReward: -10.11633
DistanceReward: -28.5589
StepReward: 0
GroundHit: False
Log From last Episode End
BeginDistance: 0.2156907
prevBest: 0.1151296
SpeedReward: 0
AngleReward: -14.69667
DistanceReward: -47.53745
StepReward: 0
GroundHit: False
Log From last Episode End
BeginDistance: 0.2655324
prevBest: 0.1259334
SpeedReward: 0
AngleReward: -24.37805
DistanceReward: -29.56636
StepReward: 0
GroundHit: False
Log From last Episode End
BeginDistance: 0.2220141
prevBest: 0.114206
SpeedReward: 0
AngleReward: -14.85271
DistanceReward: -41.52883
StepReward: 0
GroundHit: False
Log From last Episode End
Penalty: FingerB collided with Cube
Penalty: FingerA collided with Cube
Penalty: FingerA collided with Peg
Penalty: FingerA collided with Cube
Penalty: FingerB collided with Cube
Penalty: FingerA collided with Peg
Penalty: FingerA collided with Peg
Penalty: FingerB collided with Cube
Penalty: FingerA collided with Peg
Penalty: FingerB collided with Cube
Penalty: FingerA collided with Cube
Penalty: FingerA collided with Peg
Penalty: FingerA collided with Peg
Penalty: FingerB collided with Cube
Penalty: FingerA collided with Cube
Penalty: FingerA collided with Peg
Penalty: FingerA collided with Peg
Penalty: FingerA collided with Peg
BeginDistance: 0.2171237
prevBest: 0.1095238
SpeedReward: 0
AngleReward: -14.66313
DistanceReward: -54.06845
StepReward: 0
GroundHit: False
Log From last Episode End
Penalty: FingerA collided with Peg
BeginDistance: 0.2197643
prevBest: 0.1102241
SpeedReward: 0
AngleReward: -13.47216
DistanceReward: -39.14253
StepReward: 0
GroundHit: False
Log From last Episode End
BeginDistance: 0.3221205
prevBest: 0.1204905
SpeedReward: 0
AngleReward: -14.30808
DistanceReward: -9.257267
StepReward: 0
GroundHit: False
Log From last Episode End
BeginDistance: 0.2320619
prevBest: 0.1026293
SpeedReward: 0
AngleReward: -20.14734
DistanceReward: -39.7313
StepReward: 0
GroundHit: False
Log From last Episode End
BeginDistance: 0.1990393
prevBest: 0.1680793
SpeedReward: 0
AngleReward: -22.57804
DistanceReward: -75.65286
StepReward: 0
GroundHit: False
Log From last Episode End
BeginDistance: 0.2362091
prevBest: 0.1046635
SpeedReward: 0
AngleReward: -15.97548
DistanceReward: -30.69649
StepReward: 0
GroundHit: False
Log From last Episode End
BeginDistance: 0.294066
prevBest: 0.1134699
SpeedReward: 0
AngleReward: -9.413394
DistanceReward: -14.80757
StepReward: 0
GroundHit: False
Log From last Episode End
BeginDistance: 0.2061552
prevBest: 0.1136722
SpeedReward: 0
AngleReward: -8.483161
DistanceReward: -48.34916
StepReward: 0
GroundHit: False
Log From last Episode End
BeginDistance: 0.1829929
prevBest: 0.1227054
SpeedReward: 0
AngleReward: -17.22391
DistanceReward: -58.26614
StepReward: 0
GroundHit: False
Log From last Episode End
BeginDistance: 0.1420943
prevBest: 0.09572909
SpeedReward: -0.1235633
AngleReward: -15.1312
DistanceReward: -76.01676
StepReward: 0
GroundHit: False
Log From last Episode End
BeginDistance: 0.5459525
prevBest: 0.1477203
SpeedReward: 0
AngleReward: -15.50473
DistanceReward: 60.73476
StepReward: 0
GroundHit: False
Log From last Episode End
BeginDistance: 0.2977134
prevBest: 0.03703921
SpeedReward: -2.713786
AngleReward: -6.25242
DistanceReward: -94.25051
StepReward: 0
GroundHit: True
Log From last Episode End
BeginDistance: 0.2280453
prevBest: 0.06975251
SpeedReward: -1.145363
AngleReward: -5.139742
DistanceReward: -27.67277
StepReward: 0
GroundHit: True
Log From last Episode End
BeginDistance: 0.3034715
prevBest: 0.04487319
SpeedReward: -2.976077
AngleReward: -25.59597
DistanceReward: -36.61947
StepReward: 0
GroundHit: True
Log From last Episode End
BeginDistance: 0.2807501
prevBest: 0.1164415
SpeedReward: 0
AngleReward: -15.08689
DistanceReward: -5.412735
StepReward: 0
GroundHit: False
Log From last Episode End
BeginDistance: 0.2832333
prevBest: 0.1087702
SpeedReward: 0
AngleReward: -3.906859
DistanceReward: -15.1336
StepReward: 0
GroundHit: False
Log From last Episode End
Penalty: FingerA collided with Cube
Penalty: FingerB collided with Cube
Penalty: FingerA collided with Peg
BeginDistance: 0.1540903
prevBest: 0.1162818
SpeedReward: 0
AngleReward: -12.65405
DistanceReward: -73.98438
StepReward: 0
GroundHit: False
Log From last Episode End
BeginDistance: 0.3556667
prevBest: 0.1198412
SpeedReward: 0
AngleReward: -3.988171
DistanceReward: 3.385355
StepReward: 0
GroundHit: False
Log From last Episode End
BeginDistance: 0.3948385
prevBest: 0.1087621
SpeedReward: 0
AngleReward: -5.954759
DistanceReward: 11.67687
StepReward: 0
GroundHit: False
Log From last Episode End
BeginDistance: 0.3591727
prevBest: 0.1057902
SpeedReward: 0
AngleReward: -19.74106
DistanceReward: 22.25213
StepReward: 0
GroundHit: False
Log From last Episode End
BeginDistance: 0.2956235
prevBest: 0.1235363
SpeedReward: 0
AngleReward: -16.98456
DistanceReward: -4.98402
StepReward: 0
GroundHit: False
Log From last Episode End
BeginDistance: 0.1498024
prevBest: 0.1024121
SpeedReward: 0
AngleReward: -3.602664
DistanceReward: -76.30365
StepReward: 0
GroundHit: False
Log From last Episode End
BeginDistance: 0.3397496
prevBest: 0.1174399
SpeedReward: 0
AngleReward: -16.15196
DistanceReward: -1.228276
StepReward: 0
GroundHit: False
Log From last Episode End
BeginDistance: 0.3087972
prevBest: 0.1565172
SpeedReward: 0
AngleReward: -24.77255
DistanceReward: -34.22597
StepReward: 0
GroundHit: False
Log From last Episode End
BeginDistance: 0.216506
prevBest: 0.1267491
SpeedReward: 0
AngleReward: -11.57505
DistanceReward: -44.67243
StepReward: 0
GroundHit: False
Log From last Episode End
BeginDistance: 0.2531565
prevBest: 0.09634235
SpeedReward: -0.04337666
AngleReward: -15.16442
DistanceReward: -15.05143
StepReward: 0
GroundHit: False
Log From last Episode End
BeginDistance: 0.3666668
prevBest: 0.1252312
SpeedReward: 0
AngleReward: -17.6781
DistanceReward: 12.18403
StepReward: 0
GroundHit: False
Log From last Episode End
BeginDistance: 0.191219
prevBest: 0.1443527
SpeedReward: 0
AngleReward: -13.43252
DistanceReward: -62.31985
StepReward: 0
GroundHit: False
Log From last Episode End
BeginDistance: 0.1578601
prevBest: 0.06627126
SpeedReward: -2.256912
AngleReward: -4.522467
DistanceReward: -90.03781
StepReward: 0
GroundHit: True
Log From last Episode End
BeginDistance: 0.2571579
prevBest: 0.1106953
SpeedReward: 0
AngleReward: -16.51846
DistanceReward: -23.44466
StepReward: 0
GroundHit: False
Log From last Episode End
BeginDistance: 0.2500874
prevBest: 0.1762939
SpeedReward: 0
AngleReward: -22.18
DistanceReward: -44.25244
StepReward: 0
GroundHit: False
Log From last Episode End
BeginDistance: 0.1766364
prevBest: 0.1070854
SpeedReward: 0
AngleReward: -8.672389
DistanceReward: -57.06675
StepReward: 0
GroundHit: False
Log From last Episode End
Penalty: FingerB collided with Peg
Penalty: FingerB collided with Cube
Penalty: FingerA collided with Cube
Penalty: FingerA collided with Cube
Penalty: FingerB collided with Cube
Penalty: FingerA collided with Peg
Penalty: FingerB collided with Peg
Penalty: FingerA collided with Peg
Penalty: FingerB collided with Cube
Penalty: FingerA collided with Cube
Penalty: FingerB collided with Cube
Penalty: FingerB collided with Cube
Penalty: FingerA collided with Cube
Penalty: FingerA collided with Peg
Penalty: FingerB collided with Cube
Penalty: FingerA collided with Peg
Penalty: FingerA collided with Cube
Penalty: FingerA collided with Cube
Penalty: FingerB collided with Cube
Penalty: FingerA collided with Peg
Penalty: FingerB collided with Cube
Penalty: FingerA collided with Cube
BeginDistance: 0.1550051
prevBest: 0.1230864
SpeedReward: 0
AngleReward: -4.35214
DistanceReward: -79.15097
StepReward: 0
GroundHit: False
Log From last Episode End
Penalty: FingerB collided with Cube
Penalty: FingerA collided with Cube
Penalty: FingerA collided with Peg
BeginDistance: 0.1905354
prevBest: 0.1304436
SpeedReward: 0
AngleReward: -15.87052
DistanceReward: -46.40035
StepReward: 0
GroundHit: False
Log From last Episode End
Penalty: FingerB collided with Peg
Penalty: FingerA collided with Peg
Penalty: FingerA collided with Peg
BeginDistance: 0.2101461
prevBest: 0.11758
SpeedReward: 0
AngleReward: -8.589681
DistanceReward: -64.11479
StepReward: 0
GroundHit: False
Log From last Episode End
Penalty: FingerA collided with Peg
Penalty: FingerB collided with Cube
Penalty: FingerA collided with Cube
Penalty: FingerB collided with Cube
Penalty: FingerA collided with Cube
BeginDistance: 0.1451561
prevBest: 0.1099963
SpeedReward: 0
AngleReward: -7.469713
DistanceReward: -80.33184
StepReward: 0
GroundHit: False
Log From last Episode End
Penalty: FingerB collided with Cube
Penalty: FingerA collided with Cube
Penalty: FingerA collided with Peg
Penalty: FingerB collided with Cube
Penalty: FingerA collided with Cube
BeginDistance: 0.2327691
prevBest: 0.1212992
SpeedReward: 0
AngleReward: -7.779558
DistanceReward: -47.75092
StepReward: 0
GroundHit: False
Log From last Episode End
BeginDistance: 0.2651203
prevBest: 0.003040555
SpeedReward: -6.596231
AngleReward: -55.39815
DistanceReward: -81.61095
StepReward: 0
GroundHit: True
Log From last Episode End
BeginDistance: 0.2323388
prevBest: 0.1333811
SpeedReward: 0
AngleReward: -21.49945
DistanceReward: -50.92345
StepReward: 0
GroundHit: False
Log From last Episode End
BeginDistance: 0.4352587
prevBest: 0.08032857
SpeedReward: -0.9247304
AngleReward: -74.75153
DistanceReward: -51.02403
StepReward: 0
GroundHit: True
Log From last Episode End
BeginDistance: 0.1392519
prevBest: 0.02845184
SpeedReward: -9.737528
AngleReward: -49.86113
DistanceReward: -101.9048
StepReward: 0
GroundHit: True
Log From last Episode End
BeginDistance: 0.1760599
prevBest: 0.1145006
SpeedReward: 0
AngleReward: -3.847754
DistanceReward: -78.33296
StepReward: 0
GroundHit: False
Log From last Episode End
BeginDistance: 0.3628476
prevBest: 0.0415078
SpeedReward: -4.973124
AngleReward: -35.04616
DistanceReward: -71.93325
StepReward: 0
GroundHit: True
Log From last Episode End
BeginDistance: 0.1272831
prevBest: 0.1203841
SpeedReward: 0
AngleReward: -5.403221
DistanceReward: -83.14522
StepReward: 0
GroundHit: False
Log From last Episode End
BeginDistance: 0.2447434
prevBest: 0.1538331
SpeedReward: 0
AngleReward: -20.34402
DistanceReward: -69.50323
StepReward: 0
GroundHit: False
Log From last Episode End
BeginDistance: 0.4176133
prevBest: 0.1290714
SpeedReward: 0
AngleReward: -26.88426
DistanceReward: -30.93046
StepReward: 0
GroundHit: False
Log From last Episode End
BeginDistance: 0.3773543
prevBest: 0.09845591
SpeedReward: -0.1171158
AngleReward: -3.646101
DistanceReward: 8.133915
StepReward: 0
GroundHit: False
Log From last Episode End
BeginDistance: 0.2302449
prevBest: 0.1630115
SpeedReward: 0
AngleReward: -15.06022
DistanceReward: -41.32309
StepReward: 0
GroundHit: False
Log From last Episode End
Penalty: FingerB collided with Cube
Penalty: FingerA collided with Cube
Penalty: FingerB collided with Cube
Penalty: FingerA collided with Cube
BeginDistance: 0.2066621
prevBest: 0.1152623
SpeedReward: 0
AngleReward: -7.14867
DistanceReward: -61.51257
StepReward: 0
GroundHit: False
Log From last Episode End
BeginDistance: 0.2002799
prevBest: 0.1070766
SpeedReward: 0
AngleReward: -5.505784
DistanceReward: -51.99769
StepReward: 0
GroundHit: False
Log From last Episode End
Penalty: FingerA collided with Peg
Penalty: FingerB collided with Cube
Penalty: FingerA collided with Cube
Penalty: FingerA collided with Peg
BeginDistance: 0.2328036
prevBest: 0.05497165
SpeedReward: -2.378888
AngleReward: -5.606052
DistanceReward: -79.20883
StepReward: 0
GroundHit: True
Log From last Episode End
BeginDistance: 0.2226126
prevBest: 0.1028557
SpeedReward: 0
AngleReward: -13.71694
DistanceReward: -43.43325
StepReward: 0
GroundHit: False
Log From last Episode End
Penalty: FingerB collided with Peg
Penalty: FingerA collided with Peg
Penalty: FingerB collided with Cube
Penalty: FingerA collided with Cube
Penalty: FingerB collided with Cube
Penalty: FingerA collided with Cube
Penalty: FingerA collided with Peg
BeginDistance: 0.3517027
prevBest: 0.1233278
SpeedReward: 0
AngleReward: -7.944294
DistanceReward: -9.343891
StepReward: 0
GroundHit: False
Log From last Episode End
BeginDistance: 0.1741123
prevBest: 0.1147514
SpeedReward: 0
AngleReward: -17.67164
DistanceReward: -64.24889
StepReward: 0
GroundHit: False
Log From last Episode End
BeginDistance: 0.3090779
prevBest: 0.1406676
SpeedReward: 0
AngleReward: -13.85075
DistanceReward: -23.17421
StepReward: 0
GroundHit: False
Log From last Episode End
BeginDistance: 0.3839037
prevBest: 0.1554581
SpeedReward: 0
AngleReward: -14.08841
DistanceReward: -5.939883
StepReward: 0
GroundHit: False
Log From last Episode End
BeginDistance: 0.2456129
prevBest: 0.1505837
SpeedReward: 0
AngleReward: -13.47
DistanceReward: -40.48137
StepReward: 0
GroundHit: False
Log From last Episode End
BeginDistance: 0.2697866
prevBest: 0.1266719
SpeedReward: 0
AngleReward: -9.532566
DistanceReward: -40.55452
StepReward: 0
GroundHit: False
Log From last Episode End
BeginDistance: 0.1083571
prevBest: 0.1083571
SpeedReward: 0
AngleReward: -3.621695
DistanceReward: -87.6813
StepReward: 0
GroundHit: False
Log From last Episode End
BeginDistance: 0.3015392
prevBest: 0.1064137
SpeedReward: 0
AngleReward: -18.21706
DistanceReward: -8.503298
StepReward: 0
GroundHit: False
Log From last Episode End
BeginDistance: 0.284729
prevBest: 0.1220883
SpeedReward: 0
AngleReward: -7.478699
DistanceReward: -32.93354
StepReward: 0
GroundHit: False
Log From last Episode End
BeginDistance: 0.3300836
prevBest: 0.1105376
SpeedReward: 0
AngleReward: -17.23767
DistanceReward: -13.00616
StepReward: 0
GroundHit: False
Log From last Episode End
BeginDistance: 0.2033679
prevBest: 0.1151828
SpeedReward: 0
AngleReward: -17.85779
DistanceReward: -40.08969
StepReward: 0
GroundHit: False
Log From last Episode End
BeginDistance: 0.2168672
prevBest: 0.05553875
SpeedReward: -4.8461
AngleReward: -59.72256
DistanceReward: -41.09862
StepReward: 0
GroundHit: True
Log From last Episode End
Penalty: FingerA collided with Peg
Penalty: FingerB collided with Cube
Penalty: FingerA collided with Cube
Penalty: FingerA collided with Peg
Penalty: FingerA collided with Peg
Penalty: FingerB collided with Peg
Penalty: FingerA collided with Cube
Penalty: FingerB collided with Cube
Penalty: FingerB collided with Peg
Penalty: FingerA collided with Cube
Penalty: FingerA collided with Peg
Penalty: FingerB collided with Peg
Penalty: FingerB collided with Cube
Penalty: FingerB collided with Cube
Penalty: FingerB collided with Cube
Penalty: FingerA collided with Cube
Penalty: FingerA collided with Peg
Penalty: FingerB collided with Cube
Penalty: FingerA collided with Cube
Penalty: FingerA collided with Peg
Penalty: FingerA collided with Peg
Penalty: FingerA collided with Peg
Penalty: FingerA collided with Cube
Penalty: FingerB collided with Cube
Penalty: FingerA collided with Peg
Penalty: FingerA collided with Peg
Penalty: FingerA collided with Cube
Penalty: FingerB collided with Cube
Penalty: FingerA collided with Peg
Penalty: FingerA collided with Cube
Penalty: FingerB collided with Cube
BeginDistance: 0.1388302
prevBest: 0.05075446
SpeedReward: -6.120185
AngleReward: -28.67779
DistanceReward: -79.26945
StepReward: 0
GroundHit: True
Log From last Episode End
Penalty: FingerB collided with Peg
Penalty: FingerA collided with Peg
Penalty: FingerA collided with Cube
Penalty: FingerB collided with Cube
BeginDistance: 0.2035968
prevBest: 0.1141655
SpeedReward: 0
AngleReward: -19.66262
DistanceReward: -50.42361
StepReward: 0
GroundHit: False
Log From last Episode End
Penalty: FingerB collided with Cube
BeginDistance: 0.2734889
prevBest: 0.03603748
SpeedReward: -3.204407
AngleReward: -54.36682
DistanceReward: -59.14011
StepReward: 0
GroundHit: True
Log From last Episode End
Penalty: FingerA collided with Cube
Penalty: FingerA collided with Peg
BeginDistance: 0.2263368
prevBest: 0.1093324
SpeedReward: 0
AngleReward: -3.976114
DistanceReward: -45.17582
StepReward: 0
GroundHit: False
Log From last Episode End
Penalty: FingerA collided with Peg
BeginDistance: 0.3506944
prevBest: 0.05493559
SpeedReward: -2.011692
AngleReward: -78.21557
DistanceReward: -24.76286
StepReward: 0
GroundHit: True
Log From last Episode End
BeginDistance: 0.4437568
prevBest: 0.1163268
SpeedReward: 0
AngleReward: -3.517008
DistanceReward: 42.358
StepReward: 0
GroundHit: False
Log From last Episode End
BeginDistance: 0.1190356
prevBest: 0.1118054
SpeedReward: 0
AngleReward: -5.047731
DistanceReward: -88.59722
StepReward: 0
GroundHit: False
Log From last Episode End
BeginDistance: 0.1715142
prevBest: 0.03311188
SpeedReward: -3.277694
AngleReward: -8.462044
DistanceReward: -101.34
StepReward: 0
GroundHit: True
Log From last Episode End
BeginDistance: 0.1704468
prevBest: 0.05263578
SpeedReward: -4.60813
AngleReward: -75.52772
DistanceReward: -113.2103
StepReward: 0
GroundHit: True
Log From last Episode End
BeginDistance: 0.312999
prevBest: 0.1291723
SpeedReward: 0
AngleReward: -5.551201
DistanceReward: -22.47934
StepReward: 0
GroundHit: False
Log From last Episode End
BeginDistance: 0.1884945
prevBest: 0.05463066
SpeedReward: -3.942438
AngleReward: -22.36182
DistanceReward: -32.89085
StepReward: 0
GroundHit: True
Log From last Episode End
BeginDistance: 0.2398406
prevBest: 0.1072351
SpeedReward: 0
AngleReward: -14.36911
DistanceReward: -31.27199
StepReward: 0
GroundHit: False
Log From last Episode End
BeginDistance: 0.2945711
prevBest: 0.1278414
SpeedReward: 0
AngleReward: -7.528387
DistanceReward: -27.39756
StepReward: 0
GroundHit: False
Log From last Episode End
BeginDistance: 0.174992
prevBest: 0.1261008
SpeedReward: 0
AngleReward: -13.09586
DistanceReward: -57.08455
StepReward: 0
GroundHit: False
Log From last Episode End
BeginDistance: 0.2876267
prevBest: 0.04905087
SpeedReward: -1.561351
AngleReward: -5.235996
DistanceReward: -94.51594
StepReward: 0
GroundHit: True
Log From last Episode End
BeginDistance: 0.3080369
prevBest: 0.1199855
SpeedReward: 0
AngleReward: -9.502975
DistanceReward: -29.91261
StepReward: 0
GroundHit: False
Log From last Episode End
Penalty: FingerB collided with Cube
Penalty: FingerA collided with Cube
Penalty: FingerA collided with Peg
Penalty: FingerB collided with Cube
Penalty: FingerA collided with Cube
Penalty: FingerB collided with Cube
Penalty: FingerA collided with Cube
Penalty: FingerB collided with Cube
Penalty: FingerA collided with Cube
Penalty: FingerA collided with Peg
Penalty: FingerA collided with Peg
Penalty: FingerB collided with Cube
Penalty: FingerA collided with Cube
Penalty: FingerB collided with Peg
Penalty: FingerB collided with Peg
Penalty: FingerA collided with Peg
Penalty: FingerB collided with Cube
Penalty: link_6 collided with Peg
BeginDistance: 0.1483916
prevBest: 0.04198937
SpeedReward: -5.39059
AngleReward: -34.00842
DistanceReward: -66.18227
StepReward: 0
GroundHit: True
Log From last Episode End
Penalty: FingerA collided with Peg
BeginDistance: 0.2589966
prevBest: 0.09627677
SpeedReward: -0.0234741
AngleReward: -15.38435
DistanceReward: -20.94806
StepReward: 0
GroundHit: False
Log From last Episode End
Penalty: FingerA collided with Peg
Penalty: FingerA collided with Peg
BeginDistance: 0.1717552
prevBest: 0.1053256
SpeedReward: 0
AngleReward: -8.490355
DistanceReward: -56.23516
StepReward: 0
GroundHit: False
Log From last Episode End
Penalty: FingerB collided with Peg
Penalty: FingerB collided with Cube
Penalty: FingerA collided with Peg
Penalty: FingerA collided with Cube
BeginDistance: 0.2037745
prevBest: 0.1250468
SpeedReward: 0
AngleReward: -18.43059
DistanceReward: -52.05232
StepReward: 0
GroundHit: False
Log From last Episode End
Penalty: FingerA collided with Peg
BeginDistance: 0.1899277
prevBest: 0.1111849
SpeedReward: 0
AngleReward: -3.853911
DistanceReward: -47.89941
StepReward: 0
GroundHit: False
Log From last Episode End
Penalty: FingerA collided with Cube
BeginDistance: 0.2631153
prevBest: 0.1192464
SpeedReward: 0
AngleReward: -17.91339
DistanceReward: -30.6508
StepReward: 0
GroundHit: False
Log From last Episode End
BeginDistance: 0.166308
prevBest: 0.01153088
SpeedReward: -4.192317
AngleReward: -5.252806
DistanceReward: -94.67471
StepReward: 0
GroundHit: True
Log From last Episode End
BeginDistance: 0.1487819
prevBest: 0.119713
SpeedReward: 0
AngleReward: -9.046298
DistanceReward: -72.09689
StepReward: 0
GroundHit: False
Log From last Episode End
BeginDistance: 0.2485193
prevBest: 0.1101542
SpeedReward: 0
AngleReward: -10.14905
DistanceReward: -35.92
StepReward: 0
GroundHit: False
Log From last Episode End
BeginDistance: 0.2634144
prevBest: 0.1091609
SpeedReward: 0
AngleReward: -5.917144
DistanceReward: -32.70942
StepReward: 0
GroundHit: False
Log From last Episode End
BeginDistance: 0.2220405
prevBest: 0.1094709
SpeedReward: 0
AngleReward: -6.423524
DistanceReward: -50.77781
StepReward: 0
GroundHit: False
Log From last Episode End
BeginDistance: 0.2009835
prevBest: 0.06134113
SpeedReward: -1.822508
AngleReward: -4.574558
DistanceReward: -66.06997
StepReward: 0
GroundHit: True
Log From last Episode End
BeginDistance: 0.2023004
prevBest: 0.06995998
SpeedReward: -1.95303
AngleReward: -69.11191
DistanceReward: -22.24196
StepReward: 0
GroundHit: True
Log From last Episode End
BeginDistance: 0.345767
prevBest: 0.1079666
SpeedReward: 0
AngleReward: -15.0961
DistanceReward: 8.884092
StepReward: 0
GroundHit: False
Log From last Episode End
BeginDistance: 0.2164774
prevBest: 0.1051555
SpeedReward: 0
AngleReward: -7.363323
DistanceReward: -46.12658
StepReward: 0
GroundHit: False
Log From last Episode End
BeginDistance: 0.4706483
prevBest: 0.1045178
SpeedReward: 0
AngleReward: -11.85938
DistanceReward: 67.41286
StepReward: 0
GroundHit: False
Log From last Episode End
Penalty: FingerB collided with Peg
Penalty: FingerB collided with Cube
Penalty: FingerA collided with Cube
Penalty: FingerB collided with Cube
Penalty: FingerA collided with Cube
Penalty: FingerB collided with Peg
Penalty: FingerA collided with Peg
Penalty: FingerA collided with Cube
Penalty: FingerB collided with Cube
Penalty: FingerB collided with Cube
Penalty: FingerA collided with Cube
Penalty: FingerA collided with Peg
Penalty: FingerB collided with Cube
Penalty: FingerA collided with Cube
BeginDistance: 0.0937991
prevBest: 0.03001249
SpeedReward: -5.928959
AngleReward: -30.91175
DistanceReward: -140.971
StepReward: 0
GroundHit: True
Log From last Episode End
BeginDistance: 0.1453981
prevBest: 0.1374578
SpeedReward: 0
AngleReward: -15.85002
DistanceReward: -80.73273
StepReward: 0
GroundHit: False
Log From last Episode End
BeginDistance: 0.2049816
prevBest: 0.1110821
SpeedReward: 0
AngleReward: -4.614419
DistanceReward: -53.42218
StepReward: 0
GroundHit: False
Log From last Episode End
BeginDistance: 0.1276685
prevBest: 0.1151193
SpeedReward: 0
AngleReward: -9.88213
DistanceReward: -89.68465
StepReward: 0
GroundHit: False
Log From last Episode End
Penalty: FingerB collided with Cube
Penalty: FingerA collided with Cube
BeginDistance: 0.2105625
prevBest: 0.01443971
SpeedReward: -2.635581
AngleReward: -59.95071
DistanceReward: -166.0797
StepReward: 0
GroundHit: True
Log From last Episode End
Penalty: FingerB collided with Cube
Penalty: FingerA collided with Cube
BeginDistance: 0.294205
prevBest: 0.1655314
SpeedReward: 0
AngleReward: -85.27329
DistanceReward: -89.34341
StepReward: 0
GroundHit: False
Log From last Episode End
BeginDistance: 0.2111689
prevBest: 0.1320087
SpeedReward: 0
AngleReward: -13.50677
DistanceReward: -47.39511
StepReward: 0
GroundHit: False
Log From last Episode End
BeginDistance: 0.1667034
prevBest: 0.1215552
SpeedReward: 0
AngleReward: -5.409002
DistanceReward: -65.57355
StepReward: 0
GroundHit: False
Log From last Episode End
BeginDistance: 0.2372616
prevBest: 0.1109486
SpeedReward: 0
AngleReward: -9.922758
DistanceReward: -42.63858
StepReward: 0
GroundHit: False
Log From last Episode End
BeginDistance: 0.1728132
prevBest: 0.1102768
SpeedReward: 0
AngleReward: -4.6395
DistanceReward: -66.0761
StepReward: 0
GroundHit: False
Log From last Episode End
BeginDistance: 0.3266354
prevBest: 0.03843332
SpeedReward: -1.893977
AngleReward: -89.02496
DistanceReward: -114.3148
StepReward: 0
GroundHit: True
Log From last Episode End
BeginDistance: 0.1171047
prevBest: 0.1161818
SpeedReward: 0
AngleReward: -18.44491
DistanceReward: -79.84499
StepReward: 0
GroundHit: False
Log From last Episode End
BeginDistance: 0.2723339
prevBest: 0.1046087
SpeedReward: 0
AngleReward: -16.85991
DistanceReward: -14.99215
StepReward: 0
GroundHit: False
Log From last Episode End
BeginDistance: 0.2763928
prevBest: 0.1094913
SpeedReward: 0
AngleReward: -8.390108
DistanceReward: -40.63892
StepReward: 0
GroundHit: False
Log From last Episode End
BeginDistance: 0.2474817
prevBest: 0.1160454
SpeedReward: 0
AngleReward: -13.60231
DistanceReward: -35.46064
StepReward: 0
GroundHit: False
Log From last Episode End
BeginDistance: 0.2126632
prevBest: 0.1105557
SpeedReward: 0
AngleReward: -4.877573
DistanceReward: -60.53878
StepReward: 0
GroundHit: False
Log From last Episode End
Penalty: FingerB collided with Cube
Penalty: FingerA collided with Cube
Penalty: FingerB collided with Cube
Penalty: FingerA collided with Cube
Penalty: FingerA collided with Peg
Penalty: FingerB collided with Cube
BeginDistance: 0.0761869
prevBest: 0.0761869
SpeedReward: 0
AngleReward: -16.46621
DistanceReward: -135.4121
StepReward: 0
GroundHit: False
Log From last Episode End
Penalty: link_6 collided with Cube
BeginDistance: 0.2136641
prevBest: 0.0542307
SpeedReward: -1.532678
AngleReward: -49.70775
DistanceReward: -22.90222
StepReward: 0
GroundHit: True
Log From last Episode End
BeginDistance: 0.1488306
prevBest: 0.1448054
SpeedReward: 0
AngleReward: -16.49791
DistanceReward: -85.57423
StepReward: 0
GroundHit: False
Log From last Episode End
BeginDistance: 0.2374584
prevBest: 0.1232641
SpeedReward: 0
AngleReward: -3.766162
DistanceReward: -40.77898
StepReward: 0
GroundHit: False
Log From last Episode End
Penalty: FingerB collided with Cube
Penalty: FingerA collided with Cube
BeginDistance: 0.3332567
prevBest: 0.1051353
SpeedReward: 0
AngleReward: -11.98788
DistanceReward: -0.2109003
StepReward: 0
GroundHit: False
Log From last Episode End
Penalty: FingerA collided with Peg
Penalty: FingerA collided with Peg
Penalty: FingerA collided with Peg
BeginDistance: 0.3238803
prevBest: 0.1096242
SpeedReward: 0
AngleReward: -3.493567
DistanceReward: 6.035502
StepReward: 0
GroundHit: False
Log From last Episode End
BeginDistance: 0.2247717
prevBest: 0.1246102
SpeedReward: 0
AngleReward: -19.39878
DistanceReward: -47.98795
StepReward: 0
GroundHit: False
Log From last Episode End
BeginDistance: 0.3821183
prevBest: 0.1127825
SpeedReward: 0
AngleReward: -14.0577
DistanceReward: 40.5964
StepReward: 0
GroundHit: False
Log From last Episode End
BeginDistance: 0.2816376
prevBest: 0.1533647
SpeedReward: 0
AngleReward: -4.171338
DistanceReward: -41.00313
StepReward: 0
GroundHit: False
Log From last Episode End
BeginDistance: 0.2362796
prevBest: 0.09813716
SpeedReward: -0.02893172
AngleReward: -3.554796
DistanceReward: -46.16111
StepReward: 0
GroundHit: False
Log From last Episode End
BeginDistance: 0.1761273
prevBest: 0.1035817
SpeedReward: 0
AngleReward: -13.62707
DistanceReward: -61.20154
StepReward: 0
GroundHit: False
Log From last Episode End
BeginDistance: 0.1256584
prevBest: 0.1174087
SpeedReward: 0
AngleReward: -3.508642
DistanceReward: -73.70243
StepReward: 0
GroundHit: False
Log From last Episode End
BeginDistance: 0.1460074
prevBest: 0.06755733
SpeedReward: -1.029554
AngleReward: -4.500915
DistanceReward: -77.59229
StepReward: 0
GroundHit: True
Log From last Episode End
BeginDistance: 0.3539515
prevBest: 0.1061407
SpeedReward: 0
AngleReward: -4.341005
DistanceReward: 12.3207
StepReward: 0
GroundHit: False
Log From last Episode End
BeginDistance: 0.1884804
prevBest: 0.1180483
SpeedReward: 0
AngleReward: -14.53917
DistanceReward: -54.24368
StepReward: 0
GroundHit: False
Log From last Episode End
BeginDistance: 0.2188094
prevBest: 0.112024
SpeedReward: 0
AngleReward: -20.31017
DistanceReward: -48.85451
StepReward: 0
GroundHit: False
Log From last Episode End
Penalty: FingerB collided with Peg
Penalty: FingerA collided with Cube
Penalty: FingerB collided with Cube
Penalty: FingerA collided with Peg
BeginDistance: 0.3614788
prevBest: 0.04834903
SpeedReward: -2.191703
AngleReward: -37.18104
DistanceReward: 21.59951
StepReward: 0
GroundHit: True
Log From last Episode End
Penalty: FingerA collided with Peg
BeginDistance: 0.0580705
prevBest: 0.05293596
SpeedReward: 0
AngleReward: -15.57626
DistanceReward: -144.7142
StepReward: 0
GroundHit: False
Log From last Episode End
BeginDistance: 0.318744
prevBest: 0.1167498
SpeedReward: 0
AngleReward: -4.355873
DistanceReward: -21.43745
StepReward: 0
GroundHit: False
Log From last Episode End
BeginDistance: 0.4256684
prevBest: 0.09375033
SpeedReward: -0.05619416
AngleReward: -15.19637
DistanceReward: 42.96466
StepReward: 0
GroundHit: False
Log From last Episode End
BeginDistance: 0.2494157
prevBest: 0.09858
SpeedReward: -0.01030998
AngleReward: -3.866874
DistanceReward: -53.17001
StepReward: 0
GroundHit: False
Log From last Episode End
BeginDistance: 0.2632757
prevBest: 0.0953426
SpeedReward: -0.1195535
AngleReward: -3.566326
DistanceReward: -32.93659
StepReward: 0
GroundHit: False
Log From last Episode End
BeginDistance: 0.1247385
prevBest: 0.1017507
SpeedReward: 0
AngleReward: -19.48832
DistanceReward: -76.00536
StepReward: 0
GroundHit: False
Log From last Episode End
BeginDistance: 0.2296384
prevBest: 0.1056467
SpeedReward: 0
AngleReward: -13.67284
DistanceReward: -33.90794
StepReward: 0
GroundHit: False
Log From last Episode End
BeginDistance: 0.1645651
prevBest: 0.1197041
SpeedReward: 0
AngleReward: -16.21238
DistanceReward: -71.37579
StepReward: 0
GroundHit: False
Log From last Episode End
BeginDistance: 0.3104503
prevBest: 0.118633
SpeedReward: 0
AngleReward: -6.442825
DistanceReward: -17.91606
StepReward: 0
GroundHit: False
Log From last Episode End
BeginDistance: 0.1790749
prevBest: 0.1024729
SpeedReward: 0
AngleReward: -15.70723
DistanceReward: -50.40173
StepReward: 0
GroundHit: False
Log From last Episode End
BeginDistance: 0.1713675
prevBest: 0.1192137
SpeedReward: 0
AngleReward: -9.971752
DistanceReward: -66.43414
StepReward: 0
GroundHit: False
Log From last Episode End
BeginDistance: 0.3454491
prevBest: 0.1247163
SpeedReward: 0
AngleReward: -6.580354
DistanceReward: -14.36952
StepReward: 0
GroundHit: False
Log From last Episode End
BeginDistance: 0.2244472
prevBest: 0.1468932
SpeedReward: 0
AngleReward: -16.12708
DistanceReward: -45.50648
StepReward: 0
GroundHit: False
Log From last Episode End
BeginDistance: 0.2527955
prevBest: 0.05037021
SpeedReward: -2.376931
AngleReward: -23.22937
DistanceReward: -57.536
StepReward: 0
GroundHit: True
Log From last Episode End
BeginDistance: 0.08463815
prevBest: 0.08463815
SpeedReward: 0
AngleReward: -17.45276
DistanceReward: -118.0269
StepReward: 0
GroundHit: False
Log From last Episode End
Penalty: FingerB collided with Cube
Penalty: FingerA collided with Cube
Penalty: FingerA collided with Cube
Penalty: FingerA collided with Peg
Penalty: FingerB collided with Cube
Penalty: FingerB collided with Peg
Penalty: FingerB collided with Cube
Penalty: FingerB collided with Cube
Penalty: FingerB collided with Peg
Penalty: link_6 collided with Cube
BeginDistance: 0.1789539
prevBest: 0.03968468
SpeedReward: -1.732739
AngleReward: -7.229062
DistanceReward: -28.5488
StepReward: 0
GroundHit: True
Log From last Episode End
Penalty: FingerA collided with Cube
Penalty: FingerB collided with Cube
BeginDistance: 0.1991971
prevBest: 0.1089661
SpeedReward: 0
AngleReward: -13.2662
DistanceReward: -54.77514
StepReward: 0
GroundHit: False
Log From last Episode End
BeginDistance: 0.3366748
prevBest: 0.1060588
SpeedReward: 0
AngleReward: -4.572386
DistanceReward: -5.537289
StepReward: 0
GroundHit: False
Log From last Episode End
BeginDistance: 0.2290578
prevBest: 0.1149522
SpeedReward: 0
AngleReward: -16.34255
DistanceReward: -37.62716
StepReward: 0
GroundHit: False
Log From last Episode End
BeginDistance: 0.3203706
prevBest: 0.137313
SpeedReward: 0
AngleReward: -3.668637
DistanceReward: -21.21794
StepReward: 0
GroundHit: False
Log From last Episode End
Penalty: FingerA collided with Cube
Penalty: FingerB collided with Cube
BeginDistance: 0.1395622
prevBest: 0.1302732
SpeedReward: 0
AngleReward: -15.74645
DistanceReward: -74.6703
StepReward: 0
GroundHit: False
Log From last Episode End
Penalty: FingerA collided with Peg
Penalty: FingerA collided with Peg
Penalty: FingerB collided with Cube
BeginDistance: 0.2390993
prevBest: 0.1203968
SpeedReward: 0
AngleReward: -10.39936
DistanceReward: -44.84262
StepReward: 0
GroundHit: False
Log From last Episode End
BeginDistance: 0.2216096
prevBest: 0.1126842
SpeedReward: 0
AngleReward: -15.73322
DistanceReward: -44.2621
StepReward: 0
GroundHit: False
Log From last Episode End
BeginDistance: 0.39566
prevBest: 0.06165116
SpeedReward: -5.289213
AngleReward: -9.903566
DistanceReward: -21.85867
StepReward: 0
GroundHit: True
Log From last Episode End
BeginDistance: 0.4238497
prevBest: 0.1159079
SpeedReward: 0
AngleReward: -3.667316
DistanceReward: 31.31006
StepReward: 0
GroundHit: False
Log From last Episode End
BeginDistance: 0.373162
prevBest: 0.09901652
SpeedReward: -0.006700881
AngleReward: -4.891337
DistanceReward: 7.799442
StepReward: 0
GroundHit: False
Log From last Episode End
BeginDistance: 0.3594323
prevBest: 0.1081857
SpeedReward: 0
AngleReward: -15.31592
DistanceReward: 37.22468
StepReward: 0
GroundHit: False
Log From last Episode End
BeginDistance: 0.2569623
prevBest: 0.1153394
SpeedReward: 0
AngleReward: -16.33071
DistanceReward: -31.36714
StepReward: 0
GroundHit: False
Log From last Episode End
BeginDistance: 0.4490874
prevBest: 0.1423704
SpeedReward: 0
AngleReward: -13.48918
DistanceReward: 54.58878
StepReward: 0
GroundHit: False
Log From last Episode End
BeginDistance: 0.3310081
prevBest: 0.1278703
SpeedReward: 0
AngleReward: -22.92798
DistanceReward: -9.630359
StepReward: 0
GroundHit: False
Log From last Episode End
BeginDistance: 0.1584481
prevBest: 0.1097197
SpeedReward: 0
AngleReward: -5.700742
DistanceReward: -77.20087
StepReward: 0
GroundHit: False
Log From last Episode End
Penalty: FingerA collided with Cube
Penalty: FingerA collided with Peg
Penalty: FingerB collided with Peg
Penalty: FingerA collided with Peg
Penalty: FingerA collided with Cube
Penalty: FingerA collided with Cube
Penalty: FingerB collided with Peg
Penalty: FingerA collided with Cube
Penalty: FingerB collided with Cube
Penalty: FingerB collided with Peg
Penalty: FingerB collided with Cube
Penalty: FingerA collided with Cube
BeginDistance: 0.3315823
prevBest: 0.1212259
SpeedReward: 0
AngleReward: -15.66809
DistanceReward: -6.456109
StepReward: 0
GroundHit: False
Log From last Episode End
BeginDistance: 0.1412236
prevBest: 0.1147912
SpeedReward: 0
AngleReward: -5.972076
DistanceReward: -79.36685
StepReward: 0
GroundHit: False
Log From last Episode End
Penalty: FingerA collided with Cube
Penalty: FingerB collided with Cube
BeginDistance: 0.1747302
prevBest: 0.1224636
SpeedReward: 0
AngleReward: -15.83997
DistanceReward: -60.88884
StepReward: 0
GroundHit: False
Log From last Episode End
BeginDistance: 0.2270288
prevBest: 0.1237497
SpeedReward: 0
AngleReward: -14.19515
DistanceReward: -55.42205
StepReward: 0
GroundHit: False
Log From last Episode End
Penalty: FingerA collided with Cube
Penalty: FingerB collided with Cube
Penalty: FingerA collided with Peg
Penalty: FingerB collided with Cube
Penalty: FingerA collided with Cube
BeginDistance: 0.3492118
prevBest: 0.05412378
SpeedReward: -3.899893
AngleReward: -44.03496
DistanceReward: -47.63163
StepReward: 0
GroundHit: True
Log From last Episode End
Penalty: FingerA collided with Peg
Penalty: FingerB collided with Peg
Penalty: FingerB collided with Peg
Penalty: FingerA collided with Peg
Penalty: link_4 collided with Cube
BeginDistance: 0.1962482
prevBest: 0.0402608
SpeedReward: -1.823682
AngleReward: -7.559228
DistanceReward: -27.30228
StepReward: 0
GroundHit: True
Log From last Episode End
Penalty: FingerA collided with Peg
BeginDistance: 0.125416
prevBest: 0.02678983
SpeedReward: -7.979754
AngleReward: -98.94204
DistanceReward: -109.6907
StepReward: 0
GroundHit: True
Log From last Episode End
Penalty: FingerA collided with Peg
Penalty: FingerB collided with Cube
Penalty: FingerA collided with Cube
Penalty: FingerA collided with Peg
BeginDistance: 0.399716
prevBest: 0.1057086
SpeedReward: 0
AngleReward: -4.146471
DistanceReward: 32.04468
StepReward: 0
GroundHit: False
Log From last Episode End
BeginDistance: 0.3643158
prevBest: 0.1041264
SpeedReward: 0
AngleReward: -15.43789
DistanceReward: 8.251067
StepReward: 0
GroundHit: False
Log From last Episode End
BeginDistance: 0.2742062
prevBest: 0.1222361
SpeedReward: 0
AngleReward: -5.415057
DistanceReward: -39.61649
StepReward: 0
GroundHit: False
Log From last Episode End
BeginDistance: 0.2186337
prevBest: 0.1089325
SpeedReward: 0
AngleReward: -16.69572
DistanceReward: -34.11913
StepReward: 0
GroundHit: False
Log From last Episode End
BeginDistance: 0.1948111
prevBest: 0.03936688
SpeedReward: -0.9947243
AngleReward: -95.72502
DistanceReward: -123.1156
StepReward: 0
GroundHit: True
Log From last Episode End
BeginDistance: 0.1440955
prevBest: 0.06964811
SpeedReward: -2.995131
AngleReward: -78.73313
DistanceReward: -91.10181
StepReward: 0
GroundHit: True
Log From last Episode End
BeginDistance: 0.2273895
prevBest: 0.1106077
SpeedReward: 0
AngleReward: -12.88508
DistanceReward: -32.29026
StepReward: 0
GroundHit: False
Log From last Episode End
BeginDistance: 0.3883433
prevBest: 0.0984596
SpeedReward: -0.03139102
AngleReward: -17.30915
DistanceReward: 21.22566
StepReward: 0
GroundHit: False
Log From last Episode End
BeginDistance: 0.1916182
prevBest: 0.1133965
SpeedReward: 0
AngleReward: -23.51849
DistanceReward: -70.14944
StepReward: 0
GroundHit: False
Log From last Episode End
BeginDistance: 0.2148427
prevBest: 0.1082094
SpeedReward: 0
AngleReward: -7.236963
DistanceReward: -47.58148
StepReward: 0
GroundHit: False
Log From last Episode End
Penalty: FingerB collided with Peg
Penalty: FingerB collided with Cube
Penalty: FingerA collided with Cube
Penalty: FingerB collided with Cube
Penalty: FingerA collided with Cube
Penalty: FingerA collided with Peg
Penalty: FingerA collided with Cube
BeginDistance: 0.2430947
prevBest: 0.1121827
SpeedReward: 0
AngleReward: -20.35861
DistanceReward: -37.17184
StepReward: 0
GroundHit: False
Log From last Episode End
Penalty: FingerA collided with Peg
Penalty: FingerB collided with Peg
BeginDistance: 0.3686076
prevBest: 0.1043424
SpeedReward: 0
AngleReward: -4.273628
DistanceReward: 19.97676
StepReward: 0
GroundHit: False
Log From last Episode End
Penalty: FingerA collided with Peg
BeginDistance: 0.2203374
prevBest: 0.1338778
SpeedReward: 0
AngleReward: -14.81618
DistanceReward: -51.96082
StepReward: 0
GroundHit: False
Log From last Episode End
Penalty: FingerB collided with Cube
Penalty: FingerA collided with Cube
Penalty: FingerB collided with Cube
Penalty: FingerA collided with Cube
Penalty: link_4 collided with Cube
BeginDistance: 0.1879434
prevBest: 0.1080558
SpeedReward: 0
AngleReward: -32.28019
DistanceReward: -39.87865
StepReward: 0
GroundHit: True
Log From last Episode End
BeginDistance: 0.3383136
prevBest: 0.1241754
SpeedReward: 0
AngleReward: -14.20387
DistanceReward: -22.25483
StepReward: 0
GroundHit: False
Log From last Episode End
Penalty: FingerB collided with Cube
Penalty: FingerA collided with Cube
Penalty: FingerB collided with Cube
Penalty: FingerA collided with Cube
BeginDistance: 0.2304131
prevBest: 0.0570799
SpeedReward: -2.975203
AngleReward: -5.764685
DistanceReward: -27.89316
StepReward: 0
GroundHit: True
Log From last Episode End
Penalty: FingerA collided with Peg
Penalty: FingerA collided with Peg
BeginDistance: 0.09522264
prevBest: 0.09522264
SpeedReward: 0
AngleReward: -13.5179
DistanceReward: -117.5405
StepReward: 0
GroundHit: False
Log From last Episode End
Penalty: FingerA collided with Peg
Penalty: FingerA collided with Cube
Penalty: FingerB collided with Cube
BeginDistance: 0.1662536
prevBest: 0.00900058
SpeedReward: -7.796545
AngleReward: -42.86175
DistanceReward: -84.99979
StepReward: 0
GroundHit: True
Log From last Episode End
BeginDistance: 0.1684875
prevBest: 0.1209389
SpeedReward: 0
AngleReward: -31.56726
DistanceReward: -74.79001
StepReward: 0
GroundHit: False
Log From last Episode End
BeginDistance: 0.1570587
prevBest: 0.1105015
SpeedReward: 0
AngleReward: -6.126898
DistanceReward: -64.96053
StepReward: 0
GroundHit: False
Log From last Episode End
BeginDistance: 0.2124807
prevBest: 0.1274612
SpeedReward: 0
AngleReward: -3.819371
DistanceReward: -57.70924
StepReward: 0
GroundHit: False
Log From last Episode End
BeginDistance: 0.3434725
prevBest: 0.1152416
SpeedReward: 0
AngleReward: -7.82457
DistanceReward: -3.557766
StepReward: 0
GroundHit: False
Log From last Episode End
BeginDistance: 0.1381584
prevBest: 0.1063207
SpeedReward: 0
AngleReward: -9.741933
DistanceReward: -79.65556
StepReward: 0
GroundHit: False
Log From last Episode End
BeginDistance: 0.3104676
prevBest: 0.1156784
SpeedReward: 0
AngleReward: -6.456991
DistanceReward: -14.13972
StepReward: 0
GroundHit: False
Log From last Episode End
BeginDistance: 0.1102776
prevBest: 0.06454832
SpeedReward: -0.5732595
AngleReward: -6.522288
DistanceReward: -98.09586
StepReward: 0
GroundHit: True
Log From last Episode End
BeginDistance: 0.2692423
prevBest: 0.1059396
SpeedReward: 0
AngleReward: -4.128506
DistanceReward: -34.09303
StepReward: 0
GroundHit: False
Log From last Episode End
BeginDistance: 0.155481
prevBest: 0.1048898
SpeedReward: 0
AngleReward: -14.11436
DistanceReward: -65.7645
StepReward: 0
GroundHit: False
Log From last Episode End
Penalty: FingerB collided with Cube
Penalty: FingerA collided with Cube
Penalty: FingerB collided with Cube
Penalty: FingerB collided with Peg
Penalty: FingerA collided with Cube
Penalty: FingerB collided with Cube
Penalty: FingerA collided with Peg
Penalty: FingerA collided with Cube
Penalty: FingerA collided with Peg
Penalty: FingerB collided with Peg
Penalty: FingerB collided with Peg
Penalty: FingerB collided with Peg
BeginDistance: 0.3076212
prevBest: 0.06107876
SpeedReward: -1.934024
AngleReward: -47.34916
DistanceReward: -105.8852
StepReward: 0
GroundHit: True
Log From last Episode End
Penalty: FingerB collided with Cube
BeginDistance: 0.2527872
prevBest: 0.05816156
SpeedReward: -1.783284
AngleReward: -24.44136
DistanceReward: -22.29591
StepReward: 0
GroundHit: True
Log From last Episode End
Penalty: FingerA collided with Cube
Penalty: FingerB collided with Cube
Penalty: FingerA collided with Peg
BeginDistance: 0.2165726
prevBest: 0.1126895
SpeedReward: 0
AngleReward: -7.446594
DistanceReward: -53.68705
StepReward: 0
GroundHit: False
Log From last Episode End
BeginDistance: 0.2072835
prevBest: 0.1111142
SpeedReward: 0
AngleReward: -39.62116
DistanceReward: -79.72285
StepReward: 0
GroundHit: False
Log From last Episode End
Penalty: FingerA collided with Peg
Penalty: FingerA collided with Peg
BeginDistance: 0.2708494
prevBest: 0.1007353
SpeedReward: 0
AngleReward: -5.062357
DistanceReward: -31.04959
StepReward: 0
GroundHit: False
Log From last Episode End
Penalty: FingerB collided with Cube
Penalty: FingerA collided with Cube
BeginDistance: 0.2026013
prevBest: 0.04944866
SpeedReward: -4.362864
AngleReward: -6.643925
DistanceReward: -36.12122
StepReward: 0
GroundHit: True
Log From last Episode End
Penalty: FingerB collided with Cube
Penalty: FingerA collided with Cube
Penalty: FingerA collided with Cube
Penalty: FingerA collided with Peg
BeginDistance: 0.1614339
prevBest: 0.1196454
SpeedReward: 0
AngleReward: -3.467251
DistanceReward: -63.11834
StepReward: 0
GroundHit: False
Log From last Episode End
BeginDistance: 0.160714
prevBest: 0.1139179
SpeedReward: 0
AngleReward: -4.740671
DistanceReward: -67.40967
StepReward: 0
GroundHit: False
Log From last Episode End
BeginDistance: 0.1484561
prevBest: 0.1010873
SpeedReward: 0
AngleReward: -9.62463
DistanceReward: -67.05998
StepReward: 0
GroundHit: False
Log From last Episode End
BeginDistance: 0.2847243
prevBest: 0.08765438
SpeedReward: -0.5854534
AngleReward: -30.75418
DistanceReward: -136.6235
StepReward: 0
GroundHit: True
Log From last Episode End
BeginDistance: 0.2508902
prevBest: 0.1232736
SpeedReward: 0
AngleReward: -13.8578
DistanceReward: -27.88382
StepReward: 0
GroundHit: False
Log From last Episode End
BeginDistance: 0.2507383
prevBest: 0.01002634
SpeedReward: -3.944748
AngleReward: -32.47554
DistanceReward: -103.4641
StepReward: 0
GroundHit: True
Log From last Episode End
BeginDistance: 0.1685225
prevBest: 0.134812
SpeedReward: 0
AngleReward: -13.13643
DistanceReward: -67.66159
StepReward: 0
GroundHit: False
Log From last Episode End
BeginDistance: 0.1881697
prevBest: 0.0660343
SpeedReward: -2.645833
AngleReward: -59.35466
DistanceReward: -69.69442
StepReward: 0
GroundHit: True
Log From last Episode End
BeginDistance: 0.2155325
prevBest: 0.09678442
SpeedReward: -0.04538972
AngleReward: -20.35336
DistanceReward: -46.47849
StepReward: 0
GroundHit: False
Log From last Episode End
BeginDistance: 0.2783818
prevBest: 0.1159292
SpeedReward: 0
AngleReward: -8.994132
DistanceReward: -24.53815
StepReward: 0
GroundHit: False
Log From last Episode End
Penalty: FingerB collided with Cube
Penalty: FingerA collided with Cube
Penalty: FingerA collided with Cube
Penalty: FingerA collided with Cube
Penalty: FingerB collided with Cube
Penalty: FingerA collided with Peg
Penalty: FingerB collided with Cube
Penalty: FingerA collided with Cube
Penalty: FingerA collided with Peg
Penalty: FingerB collided with Peg
Penalty: FingerA collided with Peg
Penalty: FingerB collided with Cube
Penalty: FingerA collided with Cube
Penalty: FingerA collided with Peg
Penalty: FingerB collided with Peg
Penalty: FingerB collided with Cube
Penalty: FingerA collided with Cube
Penalty: FingerA collided with Peg
Penalty: FingerB collided with Cube
Penalty: FingerA collided with Cube
Penalty: FingerB collided with Cube
Penalty: FingerA collided with Cube
Penalty: FingerA collided with Peg
Penalty: FingerA collided with Peg
BeginDistance: 0.1731526
prevBest: 0.1372612
SpeedReward: 0
AngleReward: -18.31862
DistanceReward: -61.71965
StepReward: 0
GroundHit: False
Log From last Episode End
Penalty: FingerA collided with Peg
BeginDistance: 0.2857659
prevBest: 0.140778
SpeedReward: 0
AngleReward: -15.27597
DistanceReward: -22.55658
StepReward: 0
GroundHit: False
Log From last Episode End
Penalty: FingerB collided with Cube
Penalty: FingerA collided with Cube
BeginDistance: 0.2928425
prevBest: 0.06093396
SpeedReward: -0.906778
AngleReward: -82.62752
DistanceReward: -123.1955
StepReward: 0
GroundHit: True
Log From last Episode End
BeginDistance: 0.4229738
prevBest: 0.1122258
SpeedReward: 0
AngleReward: -5.225003
DistanceReward: 38.28584
StepReward: 0
GroundHit: False
Log From last Episode End
BeginDistance: 0.1569044
prevBest: 0.1171718
SpeedReward: 0
AngleReward: -19.81476
DistanceReward: -71.9989
StepReward: 0
GroundHit: False
Log From last Episode End
BeginDistance: 0.2510114
prevBest: 0.06889872
SpeedReward: -2.651257
AngleReward: -9.701362
DistanceReward: -60.66743
StepReward: 0
GroundHit: True
Log From last Episode End
Penalty: FingerB collided with Cube
Penalty: FingerA collided with Cube
BeginDistance: 0.1549219
prevBest: 0.1115807
SpeedReward: 0
AngleReward: -3.520627
DistanceReward: -71.95913
StepReward: 0
GroundHit: False
Log From last Episode End
BeginDistance: 0.1643155
prevBest: 0.1171627
SpeedReward: 0
AngleReward: -4.96315
DistanceReward: -66.19048
StepReward: 0
GroundHit: False
Log From last Episode End
BeginDistance: 0.2701164
prevBest: 0.1828537
SpeedReward: 0
AngleReward: -21.65691
DistanceReward: -44.14347
StepReward: 0
GroundHit: False
Log From last Episode End
BeginDistance: 0.2173984
prevBest: 0.03057607
SpeedReward: -6.887824
AngleReward: -59.21614
DistanceReward: -152.5089
StepReward: 0
GroundHit: True
Log From last Episode End
BeginDistance: 0.3765394
prevBest: 0.1044009
SpeedReward: 0
AngleReward: -14.584
DistanceReward: 20.69195
StepReward: 0
GroundHit: False
Log From last Episode End
BeginDistance: 0.2712608
prevBest: 0.04511365
SpeedReward: -1.506291
AngleReward: -58.04465
DistanceReward: -127.9672
StepReward: 0
GroundHit: True
Log From last Episode End
BeginDistance: 0.1922952
prevBest: 0.09524208
SpeedReward: -0.1092977
AngleReward: -14.51232
DistanceReward: -68.36684
StepReward: 0
GroundHit: False
Log From last Episode End
BeginDistance: 0.3671193
prevBest: 0.1242413
SpeedReward: 0
AngleReward: -9.809553
DistanceReward: -14.91047
StepReward: 0
GroundHit: False
Log From last Episode End
BeginDistance: 0.1639856
prevBest: 0.1191219
SpeedReward: 0
AngleReward: -12.97157
DistanceReward: -65.57507
StepReward: 0
GroundHit: False
Log From last Episode End
BeginDistance: 0.1624099
prevBest: 0.1131136
SpeedReward: 0
AngleReward: -5.940868
DistanceReward: -76.65002
StepReward: 0
GroundHit: False
Log From last Episode End
Penalty: FingerA collided with Peg
Penalty: FingerA collided with Cube
Penalty: FingerB collided with Cube
Penalty: FingerA collided with Peg
Penalty: FingerA collided with Peg
Penalty: FingerB collided with Cube
Penalty: FingerA collided with Cube
Penalty: FingerB collided with Peg
Penalty: FingerB collided with Peg
Penalty: FingerA collided with Peg
Penalty: FingerA collided with Peg
Penalty: FingerA collided with Peg
BeginDistance: 0.3923765
prevBest: 0.1366225
SpeedReward: 0
AngleReward: -3.72273
DistanceReward: 10.05538
StepReward: 0
GroundHit: False
Log From last Episode End
BeginDistance: 0.3227166
prevBest: 0.1116976
SpeedReward: 0
AngleReward: -22.25747
DistanceReward: -22.66514
StepReward: 0
GroundHit: False
Log From last Episode End
BeginDistance: 0.1688177
prevBest: 0.1096757
SpeedReward: 0
AngleReward: -14.03747
DistanceReward: -63.08231
StepReward: 0
GroundHit: False
Log From last Episode End
BeginDistance: 0.2885615
prevBest: 0.1583405
SpeedReward: 0
AngleReward: -47.7347
DistanceReward: -118.5791
StepReward: 0
GroundHit: False
Log From last Episode End
BeginDistance: 0.2806531
prevBest: 0.1145269
SpeedReward: 0
AngleReward: -15.30854
DistanceReward: -33.55981
StepReward: 0
GroundHit: False
Log From last Episode End
Penalty: FingerB collided with Cube
Penalty: FingerA collided with Cube
Penalty: FingerA collided with Cube
Penalty: FingerB collided with Cube
Penalty: FingerA collided with Peg
BeginDistance: 0.1140427
prevBest: 0.06087575
SpeedReward: -3.687594
AngleReward: -60.57654
DistanceReward: -68.15437
StepReward: 0
GroundHit: True
Log From last Episode End
Penalty: FingerA collided with Peg
Penalty: FingerA collided with Peg
Penalty: FingerB collided with Peg
Penalty: FingerA collided with Peg
Penalty: FingerB collided with Cube
Penalty: FingerA collided with Cube
Penalty: FingerB collided with Cube
Penalty: FingerA collided with Cube
Penalty: FingerB collided with Peg
Penalty: FingerA collided with Peg
BeginDistance: 0.167651
prevBest: 0.1070774
SpeedReward: 0
AngleReward: -11.15642
DistanceReward: -67.05926
StepReward: 0
GroundHit: False
Log From last Episode End
BeginDistance: 0.3324686
prevBest: 0.1274383
SpeedReward: 0
AngleReward: -15.24331
DistanceReward: -23.49159
StepReward: 0
GroundHit: False
Log From last Episode End
BeginDistance: 0.3049397
prevBest: 0.1020135
SpeedReward: 0
AngleReward: -4.204191
DistanceReward: -9.882886
StepReward: 0
GroundHit: False
Log From last Episode End
BeginDistance: 0.1988101
prevBest: 0.09926321
SpeedReward: -0.03058005
AngleReward: -5.188617
DistanceReward: -48.8449
StepReward: 0
GroundHit: False
Log From last Episode End
BeginDistance: 0.2997902
prevBest: 0.1008934
SpeedReward: 0
AngleReward: -22.80332
DistanceReward: -28.77217
StepReward: 0
GroundHit: False
Log From last Episode End
BeginDistance: 0.2508772
prevBest: 0.1040981
SpeedReward: 0
AngleReward: -14.63308
DistanceReward: -19.83228
StepReward: 0
GroundHit: False
Log From last Episode End
BeginDistance: 0.5179831
prevBest: 0.106906
SpeedReward: 0
AngleReward: -13.94993
DistanceReward: 78.16711
StepReward: 0
GroundHit: False
Log From last Episode End
BeginDistance: 0.1662671
prevBest: 0.1063823
SpeedReward: 0
AngleReward: -16.8243
DistanceReward: -59.49559
StepReward: 0
GroundHit: False
Log From last Episode End
BeginDistance: 0.224297
prevBest: 0.05069606
SpeedReward: -1.985566
AngleReward: -32.28524
DistanceReward: -82.00837
StepReward: 0
GroundHit: True
Log From last Episode End
BeginDistance: 0.294401
prevBest: 0.02211889
SpeedReward: -3.447902
AngleReward: -12.96455
DistanceReward: -120.6117
StepReward: 0
GroundHit: True
Log From last Episode End
Penalty: FingerA collided with Cube
Penalty: FingerB collided with Cube
Penalty: FingerA collided with Cube
Penalty: FingerA collided with Peg
Penalty: FingerA collided with Cube
Penalty: FingerB collided with Cube
Penalty: FingerB collided with Cube
Penalty: FingerA collided with Cube
Penalty: FingerA collided with Cube
Penalty: FingerB collided with Cube
Penalty: FingerB collided with Cube
Penalty: FingerA collided with Cube
Penalty: FingerA collided with Peg
Penalty: FingerB collided with Cube
Penalty: FingerA collided with Cube
Penalty: FingerB collided with Peg
Penalty: FingerA collided with Cube
Penalty: FingerB collided with Peg
Penalty: FingerB collided with Peg
Penalty: FingerB collided with Cube
Penalty: FingerA collided with Cube
