Mono path[0] = 'C:/Users/18125/CRB15000-RL/Builds/GymMLPCont/ABB-RL_Data/Managed'
Mono config path = 'C:/Users/18125/CRB15000-RL/Builds/GymMLPCont/MonoBleedingEdge/etc'
[Physics::Module] Initialized MultithreadedJobDispatcher with 19 workers.
Initialize engine version: 2023.2.19f1 (95c298372b1e)
[Subsystems] Discovering subsystems at path C:/Users/18125/CRB15000-RL/Builds/GymMLPCont/ABB-RL_Data/UnitySubsystems
Forcing GfxDevice: Null
GfxDevice: creating device client; kGfxThreadingModeNonThreaded
NullGfxDevice:
    Version:  NULL 1.0 [1.0]
    Renderer: Null Device
    Vendor:   Unity Technologies
Begin MonoManager ReloadAssembly
- Loaded All Assemblies, in  3.629 seconds
- Finished resetting the current domain, in  0.002 seconds
ERROR: Shader Sprites/Default shader is not supported on this GPU (none of subshaders/fallbacks are suitable)
Microsoft Media Foundation video decoding to texture disabled: graphics device is Null, only Direct3D 11 and Direct3D 12 (only on desktop) are supported for hardware-accelerated video decoding.
ERROR: Shader Sprites/Mask shader is not supported on this GPU (none of subshaders/fallbacks are suitable)
Couldn't create a Convex Mesh from source mesh "Link3" within the maximum polygons limit (256). The partial hull will be used. Consider simplifying your mesh.
Couldn't create a Convex Mesh from source mesh "ID21" within the maximum polygons limit (256). The partial hull will be used. Consider simplifying your mesh.
ERROR: Shader Legacy Shaders/VertexLit shader is not supported on this GPU (none of subshaders/fallbacks are suitable)
WARNING: Shader Unsupported: 'Autodesk Interactive' - All subshaders removed
WARNING: Shader Did you use #pragma only_renderers and omit this platform?
WARNING: Shader If subshaders removal was intentional, you may have forgotten turning Fallback off?
ERROR: Shader Autodesk Interactive shader is not supported on this GPU (none of subshaders/fallbacks are suitable)
WARNING: Shader Unsupported: 'Autodesk Interactive' - All subshaders removed
WARNING: Shader Did you use #pragma only_renderers and omit this platform?
WARNING: Shader If subshaders removal was intentional, you may have forgotten turning Fallback off?
WARNING: Shader Unsupported: 'Standard' - All subshaders removed
WARNING: Shader Did you use #pragma only_renderers and omit this platform?
WARNING: Shader If subshaders removal was intentional, you may have forgotten turning Fallback off?
ERROR: Shader Standard shader is not supported on this GPU (none of subshaders/fallbacks are suitable)
WARNING: Shader Unsupported: 'Standard' - All subshaders removed
WARNING: Shader Did you use #pragma only_renderers and omit this platform?
WARNING: Shader If subshaders removal was intentional, you may have forgotten turning Fallback off?
UnloadTime: 0.467300 ms
BeginDistance: 0
prevBest: 0
SpeedReward: 0
AngleReward: 0
DistanceReward: 0
StepReward: 0
GroundHit: False
Log From last Episode End
BeginDistance: 0
prevBest: 0
SpeedReward: 0
AngleReward: 0
DistanceReward: 0
StepReward: 0
GroundHit: False
Log From last Episode End
BeginDistance: 0
prevBest: 0
SpeedReward: 0
AngleReward: 0
DistanceReward: 0
StepReward: 0
GroundHit: False
Log From last Episode End
BeginDistance: 0
prevBest: 0
SpeedReward: 0
AngleReward: 0
DistanceReward: 0
StepReward: 0
GroundHit: False
Log From last Episode End
BeginDistance: 0
prevBest: 0
SpeedReward: 0
AngleReward: 0
DistanceReward: 0
StepReward: 0
GroundHit: False
Log From last Episode End
BeginDistance: 0
prevBest: 0
SpeedReward: 0
AngleReward: 0
DistanceReward: 0
StepReward: 0
GroundHit: False
Log From last Episode End
BeginDistance: 0
prevBest: 0
SpeedReward: 0
AngleReward: 0
DistanceReward: 0
StepReward: 0
GroundHit: False
Log From last Episode End
BeginDistance: 0
prevBest: 0
SpeedReward: 0
AngleReward: 0
DistanceReward: 0
StepReward: 0
GroundHit: False
Log From last Episode End
BeginDistance: 0
prevBest: 0
SpeedReward: 0
AngleReward: 0
DistanceReward: 0
StepReward: 0
GroundHit: False
Log From last Episode End
BeginDistance: 0
prevBest: 0
SpeedReward: 0
AngleReward: 0
DistanceReward: 0
StepReward: 0
GroundHit: False
Log From last Episode End
BeginDistance: 0
prevBest: 0
SpeedReward: 0
AngleReward: 0
DistanceReward: 0
StepReward: 0
GroundHit: False
Log From last Episode End
BeginDistance: 0
prevBest: 0
SpeedReward: 0
AngleReward: 0
DistanceReward: 0
StepReward: 0
GroundHit: False
Log From last Episode End
BeginDistance: 0
prevBest: 0
SpeedReward: 0
AngleReward: 0
DistanceReward: 0
StepReward: 0
GroundHit: False
Log From last Episode End
BeginDistance: 0
prevBest: 0
SpeedReward: 0
AngleReward: 0
DistanceReward: 0
StepReward: 0
GroundHit: False
Log From last Episode End
BeginDistance: 0
prevBest: 0
SpeedReward: 0
AngleReward: 0
DistanceReward: 0
StepReward: 0
GroundHit: False
Log From last Episode End
BeginDistance: 0
prevBest: 0
SpeedReward: 0
AngleReward: 0
DistanceReward: 0
StepReward: 0
GroundHit: False
Log From last Episode End
Penalty: FingerA collided with Peg
Penalty: FingerA collided with Peg
Penalty: FingerB collided with Peg
Penalty: FingerB collided with Peg
Penalty: FingerB collided with Peg
Penalty: FingerB collided with Peg
Penalty: FingerB collided with Peg
Penalty: FingerB collided with Peg
Penalty: FingerB collided with Peg
Penalty: FingerA collided with Peg
Penalty: FingerB collided with Peg
Penalty: FingerB collided with Peg
Penalty: FingerA collided with Peg
BeginDistance: 0.7458515
prevBest: 0.03944134
SpeedReward: -57.79536
AngleReward: -12.10807
DistanceReward: 50.76096
StepReward: 0
GroundHit: False
Log From last Episode End
BeginDistance: 0.7376255
prevBest: 0.0364445
SpeedReward: -54.76139
AngleReward: -12.21256
DistanceReward: 48.05021
StepReward: 0
GroundHit: False
Log From last Episode End
BeginDistance: 0.7803193
prevBest: 0.03785009
SpeedReward: -39.35751
AngleReward: -10.40021
DistanceReward: 76.01574
StepReward: 0
GroundHit: False
Log From last Episode End
BeginDistance: 0.740473
prevBest: 0.04052985
SpeedReward: -50.38158
AngleReward: -27.06752
DistanceReward: 40.68387
StepReward: 0
GroundHit: False
Log From last Episode End
BeginDistance: 0.7606539
prevBest: 0.04852046
SpeedReward: -53.31546
AngleReward: -28.94429
DistanceReward: 44.90242
StepReward: 0
GroundHit: False
Log From last Episode End
BeginDistance: 0.734175
prevBest: 0.04024354
SpeedReward: -58.77667
AngleReward: -40.85485
DistanceReward: 47.1926
StepReward: 0
GroundHit: False
Log From last Episode End
BeginDistance: 0.7388155
prevBest: 0.04016813
SpeedReward: -54.65383
AngleReward: -21.21754
DistanceReward: 57.12679
StepReward: 0
GroundHit: False
Log From last Episode End
BeginDistance: 0.7350062
prevBest: 0.04262381
SpeedReward: -58.54247
AngleReward: -45.73742
DistanceReward: 38.92889
StepReward: 0
GroundHit: False
Log From last Episode End
BeginDistance: 0.7678313
prevBest: 0.02860578
SpeedReward: -43.21825
AngleReward: -10.32321
DistanceReward: 65.337
StepReward: 0
GroundHit: False
Log From last Episode End
BeginDistance: 0.7378078
prevBest: 0.03736486
SpeedReward: -52.92071
AngleReward: -10.90529
DistanceReward: 51.97958
StepReward: 0
GroundHit: False
Log From last Episode End
BeginDistance: 0.7554072
prevBest: 0.035997
SpeedReward: -55.76046
AngleReward: -19.72269
DistanceReward: 55.87753
StepReward: 0
GroundHit: False
Log From last Episode End
BeginDistance: 0.7473922
prevBest: 0.03547641
SpeedReward: -50.64448
AngleReward: -11.85414
DistanceReward: 55.29368
StepReward: 0
GroundHit: False
Log From last Episode End
BeginDistance: 0.7665333
prevBest: 0.04041662
SpeedReward: -55.64671
AngleReward: -12.47296
DistanceReward: 48.38866
StepReward: 0
GroundHit: False
Log From last Episode End
BeginDistance: 0.7587398
prevBest: 0.03147724
SpeedReward: -50.60561
AngleReward: -12.98818
DistanceReward: 59.65677
StepReward: 0
GroundHit: False
Log From last Episode End
BeginDistance: 0.7532449
prevBest: 0.04819591
SpeedReward: -53.5104
AngleReward: -24.83562
DistanceReward: 61.00184
StepReward: 0
GroundHit: False
Log From last Episode End
BeginDistance: 0.735348
prevBest: 0.03938693
SpeedReward: -47.61105
AngleReward: -10.40544
DistanceReward: 72.67144
StepReward: 0
GroundHit: False
Log From last Episode End
Penalty: FingerA collided with Peg
Penalty: FingerB collided with Peg
Penalty: FingerB collided with Peg
Penalty: FingerB collided with Peg
Penalty: FingerA collided with Peg
Penalty: FingerA collided with Peg
Penalty: FingerA collided with Peg
Penalty: FingerA collided with Peg
Penalty: FingerB collided with Peg
BeginDistance: 0.1978438
prevBest: 0.04068755
SpeedReward: -40.37514
AngleReward: -21.50137
DistanceReward: -31.64427
StepReward: 0
GroundHit: False
Log From last Episode End
BeginDistance: 0.2287076
prevBest: 0.03684067
SpeedReward: -55.65408
AngleReward: -11.69798
DistanceReward: -26.29945
StepReward: 0
GroundHit: False
Log From last Episode End
BeginDistance: 0.0733782
prevBest: 0.03940384
SpeedReward: -47.1152
AngleReward: -25.61007
DistanceReward: -52.18812
StepReward: 0
GroundHit: False
Log From last Episode End
BeginDistance: 0.1009971
prevBest: 0.03213935
SpeedReward: -60.17147
AngleReward: -6.934339
DistanceReward: -51.93157
StepReward: 0
GroundHit: False
Log From last Episode End
BeginDistance: 0.3263798
prevBest: 0.04107738
SpeedReward: -40.19496
AngleReward: -11.05099
DistanceReward: -6.737444
StepReward: 0
GroundHit: False
Log From last Episode End
BeginDistance: 0.1540715
prevBest: 0.04298155
SpeedReward: -54.53793
AngleReward: -27.30025
DistanceReward: -32.5757
StepReward: 0
GroundHit: False
Log From last Episode End
BeginDistance: 0.1513643
prevBest: 0.04060185
SpeedReward: -47.54883
AngleReward: -32.81257
DistanceReward: -33.22937
StepReward: 0
GroundHit: False
Log From last Episode End
BeginDistance: 0.1460262
prevBest: 0.03319216
SpeedReward: -49.34033
AngleReward: -17.49355
DistanceReward: -39.52369
StepReward: 0
GroundHit: False
Log From last Episode End
BeginDistance: 0.125519
prevBest: 0.0361462
SpeedReward: -36.68964
AngleReward: -19.09836
DistanceReward: -46.29996
StepReward: 0
GroundHit: False
Log From last Episode End
BeginDistance: 0.2103503
prevBest: 0.03631374
SpeedReward: -42.0617
AngleReward: -9.267437
DistanceReward: -31.14963
StepReward: 0
GroundHit: False
Log From last Episode End
BeginDistance: 0.3007234
prevBest: 0.03980683
SpeedReward: -51.73684
AngleReward: -12.63417
DistanceReward: -11.22929
StepReward: 0
GroundHit: False
Log From last Episode End
BeginDistance: 0.2022104
prevBest: 0.04390229
SpeedReward: -56.13995
AngleReward: -8.329014
DistanceReward: -37.89429
StepReward: 0
GroundHit: False
Log From last Episode End
BeginDistance: 0.06285591
prevBest: 0.0378298
SpeedReward: -55.43456
AngleReward: -38.39478
DistanceReward: -53.26738
StepReward: 0
GroundHit: False
Log From last Episode End
BeginDistance: 0.3152218
prevBest: 0.04320131
SpeedReward: -54.41177
AngleReward: -11.33286
DistanceReward: -10.7637
StepReward: 0
GroundHit: False
Log From last Episode End
BeginDistance: 0.1845857
prevBest: 0.03840493
SpeedReward: -53.96352
AngleReward: -11.84057
DistanceReward: -28.44049
StepReward: 0
GroundHit: False
Log From last Episode End
BeginDistance: 0.08974496
prevBest: 0.03962952
SpeedReward: -57.45973
AngleReward: -35.70903
DistanceReward: -90.15041
StepReward: 0
GroundHit: False
Log From last Episode End
Penalty: FingerB collided with Peg
Penalty: FingerB collided with Peg
Penalty: FingerB collided with Peg
Penalty: FingerB collided with Peg
Penalty: FingerB collided with Peg
Penalty: FingerB collided with Peg
Penalty: FingerA collided with Peg
Penalty: FingerA collided with Peg
Penalty: FingerA collided with Peg
BeginDistance: 0.1458706
prevBest: 0.04948273
SpeedReward: -56.6982
AngleReward: -55.68436
DistanceReward: -39.01796
StepReward: 0
GroundHit: False
Log From last Episode End
BeginDistance: 0.2500241
prevBest: 0.03532613
SpeedReward: -43.57533
AngleReward: -21.79776
DistanceReward: -17.71207
StepReward: 0
GroundHit: False
Log From last Episode End
BeginDistance: 0.1187559
prevBest: 0.03927795
SpeedReward: -55.32695
AngleReward: -11.20138
DistanceReward: -51.96506
StepReward: 0
GroundHit: False
Log From last Episode End
BeginDistance: 0.1138088
prevBest: 0.03913411
SpeedReward: -58.35289
AngleReward: -21.87516
DistanceReward: -47.35611
StepReward: 0
GroundHit: False
Log From last Episode End
BeginDistance: 0.1761531
prevBest: 0.03832579
SpeedReward: -49.45436
AngleReward: -36.3359
DistanceReward: -34.10863
StepReward: 0
GroundHit: False
Log From last Episode End
BeginDistance: 0.2478865
prevBest: 0.03765135
SpeedReward: -54.55788
AngleReward: -15.12805
DistanceReward: -29.2808
StepReward: 0
GroundHit: False
Log From last Episode End
BeginDistance: 0.1456366
prevBest: 0.03761717
SpeedReward: -40.3392
AngleReward: -9.400342
DistanceReward: -35.17393
StepReward: 0
GroundHit: False
Log From last Episode End
BeginDistance: 0.1142513
prevBest: 0.03509146
SpeedReward: -45.66052
AngleReward: -19.95605
DistanceReward: -45.21417
StepReward: 0
GroundHit: False
Log From last Episode End
BeginDistance: 0.4485897
prevBest: 0.03560972
SpeedReward: -55.90482
AngleReward: -13.70535
DistanceReward: -5.190762
StepReward: 0
GroundHit: False
Log From last Episode End
BeginDistance: 0.267474
prevBest: 0.04090271
SpeedReward: -56.76131
AngleReward: -12.4665
DistanceReward: -4.787609
StepReward: 0
GroundHit: False
Log From last Episode End
BeginDistance: 0.1487235
prevBest: 0.04375289
SpeedReward: -57.91502
AngleReward: -16.65723
DistanceReward: -39.20223
StepReward: 0
GroundHit: False
Log From last Episode End
BeginDistance: 0.2262061
prevBest: 0.03878623
SpeedReward: -52.94912
AngleReward: -13.85487
DistanceReward: -28.90584
StepReward: 0
GroundHit: False
Log From last Episode End
BeginDistance: 0.1337179
prevBest: 0.03620329
SpeedReward: -53.48994
AngleReward: -12.04293
DistanceReward: -39.27978
StepReward: 0
GroundHit: False
Log From last Episode End
BeginDistance: 0.08456499
prevBest: 0.03410983
SpeedReward: -54.52922
AngleReward: -11.53013
DistanceReward: -49.20106
StepReward: 0
GroundHit: False
Log From last Episode End
BeginDistance: 0.2095821
prevBest: 0.03844131
SpeedReward: -46.39975
AngleReward: -9.105601
DistanceReward: -22.44872
StepReward: 0
GroundHit: False
Log From last Episode End
BeginDistance: 0.2773532
prevBest: 0.04369863
SpeedReward: -56.24411
AngleReward: -55.09278
DistanceReward: -22.73197
StepReward: 0
GroundHit: False
Log From last Episode End
Penalty: FingerB collided with Peg
Penalty: FingerB collided with Peg
Penalty: FingerB collided with Peg
Penalty: FingerB collided with Peg
Penalty: FingerB collided with Peg
Penalty: FingerA collided with Peg
Penalty: FingerA collided with Peg
Penalty: FingerB collided with Peg
Penalty: FingerA collided with Peg
BeginDistance: 0.3622147
prevBest: 0.03875902
SpeedReward: -48.50682
AngleReward: -17.75501
DistanceReward: 3.600546
StepReward: 0
GroundHit: False
Log From last Episode End
BeginDistance: 0.3211021
prevBest: 0.03730441
SpeedReward: -55.05032
AngleReward: -10.72578
DistanceReward: -5.594542
StepReward: 0
GroundHit: False
Log From last Episode End
BeginDistance: 0.3185924
prevBest: 0.03942591
SpeedReward: -57.76888
AngleReward: -10.75424
DistanceReward: -16.02784
StepReward: 0
GroundHit: False
Log From last Episode End
BeginDistance: 0.4092371
prevBest: 0.03759656
SpeedReward: -40.22054
AngleReward: -39.81966
DistanceReward: 1.983071
StepReward: 0
GroundHit: False
Log From last Episode End
BeginDistance: 0.3313333
prevBest: 0.04367266
SpeedReward: -52.94364
AngleReward: -13.16479
DistanceReward: -9.126863
StepReward: 0
GroundHit: False
Log From last Episode End
BeginDistance: 0.2926965
prevBest: 0.03877319
SpeedReward: -52.68262
AngleReward: -92.06966
DistanceReward: -17.35463
StepReward: 0
GroundHit: False
Log From last Episode End
BeginDistance: 0.2766923
prevBest: 0.05115512
SpeedReward: -50.97189
AngleReward: -35.55287
DistanceReward: -19.20314
StepReward: 0
GroundHit: False
Log From last Episode End
BeginDistance: 0.3396389
prevBest: 0.03801619
SpeedReward: -51.98869
AngleReward: -16.05357
DistanceReward: -17.98664
StepReward: 0
GroundHit: False
Log From last Episode End
BeginDistance: 0.2396137
prevBest: 0.03381666
SpeedReward: -48.02016
AngleReward: -9.625772
DistanceReward: -25.93692
StepReward: 0
GroundHit: False
Log From last Episode End
BeginDistance: 0.2218436
prevBest: 0.03835936
SpeedReward: -47.80033
AngleReward: -10.95169
DistanceReward: -26.5722
StepReward: 0
GroundHit: False
Log From last Episode End
BeginDistance: 0.1198546
prevBest: 0.04479522
SpeedReward: -58.60017
AngleReward: -82.1701
DistanceReward: -49.27475
StepReward: 0
GroundHit: False
Log From last Episode End
BeginDistance: 0.3024159
prevBest: 0.03858537
SpeedReward: -50.89028
AngleReward: -9.047791
DistanceReward: -7.904472
StepReward: 0
GroundHit: False
Log From last Episode End
BeginDistance: 0.06779643
prevBest: 0.03929732
SpeedReward: -65.79496
AngleReward: -10.0702
DistanceReward: -58.08879
StepReward: 0
GroundHit: False
Log From last Episode End
BeginDistance: 0.2185014
prevBest: 0.03699276
SpeedReward: -59.953
AngleReward: -17.99498
DistanceReward: -42.20302
StepReward: 0
GroundHit: False
Log From last Episode End
BeginDistance: 0.1026287
prevBest: 0.04707844
SpeedReward: -57.02059
AngleReward: -20.98359
DistanceReward: -43.7824
StepReward: 0
GroundHit: False
Log From last Episode End
BeginDistance: 0.4465747
prevBest: 0.03937133
SpeedReward: -56.58893
AngleReward: -61.47556
DistanceReward: 0.9830288
StepReward: 0
GroundHit: False
Log From last Episode End
Penalty: FingerB collided with Peg
Penalty: FingerB collided with Peg
Penalty: FingerA collided with Peg
Penalty: FingerB collided with Peg
Penalty: FingerB collided with Peg
Penalty: FingerA collided with Peg
Penalty: FingerB collided with Peg
Penalty: FingerB collided with Peg
Penalty: FingerA collided with Peg
Penalty: FingerA collided with Peg
Penalty: FingerB collided with Peg
Penalty: FingerB collided with Peg
BeginDistance: 0.2740849
prevBest: 0.04219097
SpeedReward: -46.83416
AngleReward: -10.84603
DistanceReward: -18.7346
StepReward: 0
GroundHit: False
Log From last Episode End
BeginDistance: 0.2418089
prevBest: 0.04094639
SpeedReward: -56.28927
AngleReward: -11.39355
DistanceReward: -24.60303
StepReward: 0
GroundHit: False
Log From last Episode End
BeginDistance: 0.07540628
prevBest: 0.03656571
SpeedReward: -51.76622
AngleReward: -18.04715
DistanceReward: -52.26645
StepReward: 0
GroundHit: False
Log From last Episode End
BeginDistance: 0.10715
prevBest: 0.04455562
SpeedReward: -39.54678
AngleReward: -14.17007
DistanceReward: -55.08921
StepReward: 0
GroundHit: False
Log From last Episode End
BeginDistance: 0.1692829
prevBest: 0.04089052
SpeedReward: -57.60139
AngleReward: -73.89864
DistanceReward: -32.23059
StepReward: 0
GroundHit: False
Log From last Episode End
BeginDistance: 0.2085134
prevBest: 0.03947489
SpeedReward: -60.36222
AngleReward: -47.08569
DistanceReward: -32.62004
StepReward: 0
GroundHit: False
Log From last Episode End
BeginDistance: 0.1155524
prevBest: 0.04036452
SpeedReward: -55.28713
AngleReward: -20.97962
DistanceReward: -54.86214
StepReward: 0
GroundHit: False
Log From last Episode End
BeginDistance: 0.3689979
prevBest: 0.04139774
SpeedReward: -50.4501
AngleReward: -23.0369
DistanceReward: -8.909691
StepReward: 0
GroundHit: False
Log From last Episode End
BeginDistance: 0.3977042
prevBest: 0.03267602
SpeedReward: -54.09517
AngleReward: -13.61363
DistanceReward: -1.031243
StepReward: 0
GroundHit: False
Log From last Episode End
BeginDistance: 0.3162177
prevBest: 0.03328999
SpeedReward: -54.80592
AngleReward: -11.03553
DistanceReward: -15.43495
StepReward: 0
GroundHit: False
Log From last Episode End
BeginDistance: 0.1331748
prevBest: 0.03707694
SpeedReward: -43.54296
AngleReward: -12.50035
DistanceReward: -43.97711
StepReward: 0
GroundHit: False
Log From last Episode End
BeginDistance: 0.2547339
prevBest: 0.02630798
SpeedReward: -57.01025
AngleReward: -29.50699
DistanceReward: -21.93388
StepReward: 0
GroundHit: False
Log From last Episode End
BeginDistance: 0.4146283
prevBest: 0.05304386
SpeedReward: -41.04392
AngleReward: -34.04581
DistanceReward: 1.57133
StepReward: 0
GroundHit: False
Log From last Episode End
BeginDistance: 0.2417355
prevBest: 0.03950975
SpeedReward: -45.14213
AngleReward: -11.32714
DistanceReward: -19.54738
StepReward: 0
GroundHit: False
Log From last Episode End
BeginDistance: 0.2933598
prevBest: 0.02582556
SpeedReward: -58.08889
AngleReward: -11.8512
DistanceReward: -20.24862
StepReward: 0
GroundHit: False
Log From last Episode End
BeginDistance: 0.3561296
prevBest: 0.03639504
SpeedReward: -54.98994
AngleReward: -12.7178
DistanceReward: -4.88055
StepReward: 0
GroundHit: False
Log From last Episode End
Penalty: FingerA collided with Peg
Penalty: FingerA collided with Peg
Penalty: FingerA collided with Peg
Penalty: FingerA collided with Peg
Penalty: FingerA collided with Peg
Penalty: FingerB collided with Peg
Penalty: FingerA collided with Peg
Penalty: FingerA collided with Peg
Penalty: FingerA collided with Peg
Penalty: FingerB collided with Peg
BeginDistance: 0.0800271
prevBest: 0.03759788
SpeedReward: -41.93904
AngleReward: -9.801757
DistanceReward: -48.2753
StepReward: 0
GroundHit: False
Log From last Episode End
BeginDistance: 0.3704717
prevBest: 0.04115793
SpeedReward: -44.0277
AngleReward: -10.66303
DistanceReward: -5.478443
StepReward: 0
GroundHit: False
Log From last Episode End
BeginDistance: 0.3172752
prevBest: 0.03832665
SpeedReward: -47.97814
AngleReward: -42.1783
DistanceReward: -11.09532
StepReward: 0
GroundHit: False
Log From last Episode End
BeginDistance: 0.1423527
prevBest: 0.0439375
SpeedReward: -41.00367
AngleReward: -26.05046
DistanceReward: -38.02695
StepReward: 0
GroundHit: False
Log From last Episode End
BeginDistance: 0.171314
prevBest: 0.02992167
SpeedReward: -43.42173
AngleReward: -13.22379
DistanceReward: -38.37211
StepReward: 0
GroundHit: False
Log From last Episode End
BeginDistance: 0.2805753
prevBest: 0.03560524
SpeedReward: -44.23355
AngleReward: -10.94432
DistanceReward: -22.1742
StepReward: 0
GroundHit: False
Log From last Episode End
BeginDistance: 0.2071049
prevBest: 0.03951468
SpeedReward: -51.78524
AngleReward: -40.0802
DistanceReward: -26.19838
StepReward: 0
GroundHit: False
Log From last Episode End
BeginDistance: 0.140302
prevBest: 0.03735553
SpeedReward: -52.55658
AngleReward: -24.12416
DistanceReward: -33.80267
StepReward: 0
GroundHit: False
Log From last Episode End
BeginDistance: 0.197832
prevBest: 0.0379931
SpeedReward: -42.12765
AngleReward: -26.1194
DistanceReward: -35.94478
StepReward: 0
GroundHit: False
Log From last Episode End
BeginDistance: 0.1450633
prevBest: 0.04304387
SpeedReward: -52.99858
AngleReward: -12.45745
DistanceReward: -39.46865
StepReward: 0
GroundHit: False
Log From last Episode End
BeginDistance: 0.2272588
prevBest: 0.04347547
SpeedReward: -54.26721
AngleReward: -99.5914
DistanceReward: -29.97668
StepReward: 0
GroundHit: False
Log From last Episode End
BeginDistance: 0.1271788
prevBest: 0.04084344
SpeedReward: -55.54736
AngleReward: -12.6524
DistanceReward: -40.56343
StepReward: 0
GroundHit: False
Log From last Episode End
BeginDistance: 0.3648992
prevBest: 0.04168756
SpeedReward: -41.60939
AngleReward: -39.90321
DistanceReward: 4.755217
StepReward: 0
GroundHit: False
Log From last Episode End
BeginDistance: 0.1482559
prevBest: 0.04088886
SpeedReward: -38.53116
AngleReward: -18.76653
DistanceReward: -41.8248
StepReward: 0
GroundHit: False
Log From last Episode End
BeginDistance: 0.5057952
prevBest: 0.0384188
SpeedReward: -46.66113
AngleReward: -9.731632
DistanceReward: 32.55929
StepReward: 0
GroundHit: False
Log From last Episode End
BeginDistance: 0.1562316
prevBest: 0.04020967
SpeedReward: -58.18384
AngleReward: -12.70166
DistanceReward: -38.23863
StepReward: 0
GroundHit: False
Log From last Episode End
Penalty: FingerA collided with Peg
Penalty: FingerA collided with Peg
Penalty: FingerB collided with Peg
Penalty: FingerB collided with Peg
Penalty: FingerA collided with Peg
Penalty: FingerB collided with Peg
BeginDistance: 0.1802843
prevBest: 0.0374154
SpeedReward: -43.97915
AngleReward: -9.838936
DistanceReward: -37.0936
StepReward: 0
GroundHit: False
Log From last Episode End
BeginDistance: 0.3429588
prevBest: 0.04315909
SpeedReward: -54.55709
AngleReward: -21.22084
DistanceReward: -17.62834
StepReward: 0
GroundHit: False
Log From last Episode End
BeginDistance: 0.09398731
prevBest: 0.03774884
SpeedReward: -53.40266
AngleReward: -12.11641
DistanceReward: -49.05219
StepReward: 0
GroundHit: False
Log From last Episode End
BeginDistance: 0.1268401
prevBest: 0.04069335
SpeedReward: -43.88551
AngleReward: -19.15024
DistanceReward: -41.00361
StepReward: 0
GroundHit: False
Log From last Episode End
BeginDistance: 0.3406401
prevBest: 0.03652747
SpeedReward: -54.58351
AngleReward: -13.9314
DistanceReward: -3.177036
StepReward: 0
GroundHit: False
Log From last Episode End
BeginDistance: 0.354906
prevBest: 0.0427884
SpeedReward: -48.05307
AngleReward: -51.0261
DistanceReward: -1.035939
StepReward: 0
GroundHit: False
Log From last Episode End
BeginDistance: 0.2350388
prevBest: 0.04119498
SpeedReward: -47.74367
AngleReward: -11.19743
DistanceReward: -30.54952
StepReward: 0
GroundHit: False
Log From last Episode End
BeginDistance: 0.1942361
prevBest: 0.0502237
SpeedReward: -56.83045
AngleReward: -23.14056
DistanceReward: -38.05773
StepReward: 0
GroundHit: False
Log From last Episode End
BeginDistance: 0.327167
prevBest: 0.04530127
SpeedReward: -51.30325
AngleReward: -12.82096
DistanceReward: -7.72123
StepReward: 0
GroundHit: False
Log From last Episode End
BeginDistance: 0.2137972
prevBest: 0.03712593
SpeedReward: -54.05821
AngleReward: -22.54784
DistanceReward: -32.87132
StepReward: 0
GroundHit: False
Log From last Episode End
BeginDistance: 0.15794
prevBest: 0.02960495
SpeedReward: -55.91581
AngleReward: -21.19173
DistanceReward: -37.8362
StepReward: 0
GroundHit: False
Log From last Episode End
BeginDistance: 0.3103053
prevBest: 0.03686814
SpeedReward: -43.95211
AngleReward: -10.57596
DistanceReward: -11.51319
StepReward: 0
GroundHit: False
Log From last Episode End
BeginDistance: 0.212588
prevBest: 0.03757072
SpeedReward: -54.65083
AngleReward: -18.5325
DistanceReward: -26.3171
StepReward: 0
GroundHit: False
Log From last Episode End
BeginDistance: 0.261802
prevBest: 0.04133924
SpeedReward: -49.58924
AngleReward: -24.0362
DistanceReward: -25.72598
StepReward: 0
GroundHit: False
Log From last Episode End
BeginDistance: 0.1855388
prevBest: 0.04058881
SpeedReward: -54.12519
AngleReward: -19.33754
DistanceReward: -32.62108
StepReward: 0
GroundHit: False
Log From last Episode End
BeginDistance: 0.1165792
prevBest: 0.0406944
SpeedReward: -49.79556
AngleReward: -19.46314
DistanceReward: -52.41827
StepReward: 0
GroundHit: False
Log From last Episode End
Penalty: FingerA collided with Peg
Penalty: FingerA collided with Peg
Penalty: FingerA collided with Peg
Penalty: FingerA collided with Peg
Penalty: FingerA collided with Peg
Penalty: FingerB collided with Peg
Penalty: FingerA collided with Peg
Penalty: FingerB collided with Peg
Penalty: FingerB collided with Peg
BeginDistance: 0.2110138
prevBest: 0.05222842
SpeedReward: -55.00047
AngleReward: -36.33731
DistanceReward: -48.66447
StepReward: 0
GroundHit: False
Log From last Episode End
BeginDistance: 0.188864
prevBest: 0.04271052
SpeedReward: -51.70553
AngleReward: -30.32204
DistanceReward: -42.1613
StepReward: 0
GroundHit: False
Log From last Episode End
BeginDistance: 0.1136721
prevBest: 0.03792588
SpeedReward: -55.88893
AngleReward: -20.3716
DistanceReward: -51.09476
StepReward: 0
GroundHit: False
Log From last Episode End
BeginDistance: 0.08394208
prevBest: 0.03844719
SpeedReward: -50.67746
AngleReward: -11.32132
DistanceReward: -49.02773
StepReward: 0
GroundHit: False
Log From last Episode End
BeginDistance: 0.1607954
prevBest: 0.04361834
SpeedReward: -52.76448
AngleReward: -10.75221
DistanceReward: -38.57809
StepReward: 0
GroundHit: False
Log From last Episode End
BeginDistance: 0.4352943
prevBest: 0.03304501
SpeedReward: -56.16416
AngleReward: -24.91443
DistanceReward: 4.397783
StepReward: 0
GroundHit: False
Log From last Episode End
BeginDistance: 0.2455057
prevBest: 0.03818822
SpeedReward: -57.22605
AngleReward: -90.78199
DistanceReward: -31.91371
StepReward: 0
GroundHit: False
Log From last Episode End
BeginDistance: 0.2859287
prevBest: 0.03681877
SpeedReward: -55.8391
AngleReward: -16.01294
DistanceReward: -23.68149
StepReward: 0
GroundHit: False
Log From last Episode End
BeginDistance: 0.2026411
prevBest: 0.02166362
SpeedReward: -52.80764
AngleReward: -26.94246
DistanceReward: -36.30197
StepReward: 0
GroundHit: False
Log From last Episode End
BeginDistance: 0.2920203
prevBest: 0.04035271
SpeedReward: -44.20658
AngleReward: -21.31754
DistanceReward: -9.301558
StepReward: 0
GroundHit: False
Log From last Episode End
BeginDistance: 0.27332
prevBest: 0.0377929
SpeedReward: -40.64552
AngleReward: -16.05459
DistanceReward: -15.26332
StepReward: 0
GroundHit: False
Log From last Episode End
BeginDistance: 0.0894595
prevBest: 0.03714385
SpeedReward: -51.45934
AngleReward: -11.22547
DistanceReward: -50.5148
StepReward: 0
GroundHit: False
Log From last Episode End
BeginDistance: 0.2257112
prevBest: 0.04192191
SpeedReward: -52.1058
AngleReward: -10.55754
DistanceReward: -26.51246
StepReward: 0
GroundHit: False
Log From last Episode End
BeginDistance: 0.1145406
prevBest: 0.0345008
SpeedReward: -44.88327
AngleReward: -17.48705
DistanceReward: -48.83244
StepReward: 0
GroundHit: False
Log From last Episode End
BeginDistance: 0.2470007
prevBest: 0.04250606
SpeedReward: -49.61273
AngleReward: -22.07981
DistanceReward: -32.68779
StepReward: 0
GroundHit: False
Log From last Episode End
BeginDistance: 0.1013597
prevBest: 0.03739871
SpeedReward: -54.89702
AngleReward: -20.5486
DistanceReward: -51.72072
StepReward: 0
GroundHit: False
Log From last Episode End
Penalty: FingerB collided with Peg
Penalty: FingerA collided with Peg
Penalty: FingerA collided with Peg
Penalty: FingerA collided with Peg
Penalty: FingerA collided with Peg
Penalty: FingerA collided with Peg
Penalty: FingerA collided with Peg
Penalty: FingerB collided with Peg
Penalty: FingerA collided with Peg
Penalty: FingerB collided with Peg
Penalty: FingerA collided with Peg
Penalty: FingerA collided with Peg
Penalty: FingerB collided with Peg
BeginDistance: 0.081618
prevBest: 0.03800813
SpeedReward: -52.7382
AngleReward: -18.73995
DistanceReward: -54.21872
StepReward: 0
GroundHit: False
Log From last Episode End
BeginDistance: 0.3284499
prevBest: 0.03862466
SpeedReward: -54.25029
AngleReward: -9.804497
DistanceReward: -9.504354
StepReward: 0
GroundHit: False
Log From last Episode End
BeginDistance: 0.2080026
prevBest: 0.04016456
SpeedReward: -42.14276
AngleReward: -19.75497
DistanceReward: -26.00797
StepReward: 0
GroundHit: False
Log From last Episode End
BeginDistance: 0.1202336
prevBest: 0.03331977
SpeedReward: -51.71292
AngleReward: -9.96792
DistanceReward: -42.26623
StepReward: 0
GroundHit: False
Log From last Episode End
BeginDistance: 0.1715257
prevBest: 0.04225995
SpeedReward: -60.63151
AngleReward: -15.01106
DistanceReward: -39.5371
StepReward: 0
GroundHit: False
Log From last Episode End
BeginDistance: 0.2997321
prevBest: 0.04037137
SpeedReward: -55.2625
AngleReward: -20.2891
DistanceReward: -17.39577
StepReward: 0
GroundHit: False
Log From last Episode End
BeginDistance: 0.1034878
prevBest: 0.03536342
SpeedReward: -53.21561
AngleReward: -13.97939
DistanceReward: -52.02003
StepReward: 0
GroundHit: False
Log From last Episode End
BeginDistance: 0.2089797
prevBest: 0.02791145
SpeedReward: -62.29845
AngleReward: -99.61758
DistanceReward: -38.60472
StepReward: 0
GroundHit: False
Log From last Episode End
BeginDistance: 0.2937172
prevBest: 0.0364212
SpeedReward: -44.92135
AngleReward: -11.05348
DistanceReward: -15.71535
StepReward: 0
GroundHit: False
Log From last Episode End
BeginDistance: 0.3804233
prevBest: 0.03447856
SpeedReward: -55.68401
AngleReward: -75.29875
DistanceReward: -23.33844
StepReward: 0
GroundHit: False
Log From last Episode End
BeginDistance: 0.141537
prevBest: 0.03868689
SpeedReward: -41.35032
AngleReward: -10.71848
DistanceReward: -35.97655
StepReward: 0
GroundHit: False
Log From last Episode End
BeginDistance: 0.288321
prevBest: 0.04330115
SpeedReward: -48.21466
AngleReward: -12.21941
DistanceReward: -13.47338
StepReward: 0
GroundHit: False
Log From last Episode End
BeginDistance: 0.0749798
prevBest: 0.04081447
SpeedReward: -50.43051
AngleReward: -15.42465
DistanceReward: -44.75157
StepReward: 0
GroundHit: False
Log From last Episode End
BeginDistance: 0.2922135
prevBest: 0.04011033
SpeedReward: -55.14548
AngleReward: -32.5355
DistanceReward: -18.38487
StepReward: 0
GroundHit: False
Log From last Episode End
BeginDistance: 0.08867831
prevBest: 0.03731632
SpeedReward: -41.37265
AngleReward: -10.90575
DistanceReward: -43.71289
StepReward: 0
GroundHit: False
Log From last Episode End
BeginDistance: 0.3324574
prevBest: 0.0374634
SpeedReward: -52.42846
AngleReward: -9.389902
DistanceReward: -7.799717
StepReward: 0
GroundHit: False
Log From last Episode End
Penalty: FingerA collided with Peg
Penalty: FingerA collided with Peg
Penalty: FingerA collided with Peg
Penalty: FingerA collided with Peg
Penalty: FingerA collided with Peg
Penalty: FingerA collided with Peg
Penalty: FingerA collided with Peg
Penalty: FingerB collided with Peg
Penalty: FingerA collided with Peg
Penalty: FingerA collided with Peg
Penalty: FingerB collided with Peg
Penalty: FingerB collided with Peg
Penalty: FingerA collided with Peg
BeginDistance: 0.1017896
prevBest: 0.0396725
SpeedReward: -55.99748
AngleReward: -12.52056
DistanceReward: -41.41297
StepReward: 0
GroundHit: False
Log From last Episode End
BeginDistance: 0.2817807
prevBest: 0.03812708
SpeedReward: -49.92274
AngleReward: -30.23128
DistanceReward: -15.87809
StepReward: 0
GroundHit: False
Log From last Episode End
BeginDistance: 0.202987
prevBest: 0.03379384
SpeedReward: -48.18721
AngleReward: -10.6602
DistanceReward: -32.56367
StepReward: 0
GroundHit: False
Log From last Episode End
BeginDistance: 0.247364
prevBest: 0.03941653
SpeedReward: -39.21316
AngleReward: -21.42766
DistanceReward: -15.94103
StepReward: 0
GroundHit: False
Log From last Episode End
BeginDistance: 0.08511969
prevBest: 0.03993557
SpeedReward: -52.0447
AngleReward: -34.53684
DistanceReward: -53.58337
StepReward: 0
GroundHit: False
Log From last Episode End
BeginDistance: 0.3441071
prevBest: 0.04481869
SpeedReward: -61.73679
AngleReward: -11.6258
DistanceReward: -13.14719
StepReward: 0
GroundHit: False
Log From last Episode End
BeginDistance: 0.1858612
prevBest: 0.04389546
SpeedReward: -52.7453
AngleReward: -11.96779
DistanceReward: -30.06259
StepReward: 0
GroundHit: False
Log From last Episode End
BeginDistance: 0.1057922
prevBest: 0.03215333
SpeedReward: -56.75638
AngleReward: -39.83191
DistanceReward: -49.07072
StepReward: 0
GroundHit: False
Log From last Episode End
BeginDistance: 0.1692399
prevBest: 0.04108632
SpeedReward: -55.37249
AngleReward: -15.23997
DistanceReward: -38.48782
StepReward: 0
GroundHit: False
Log From last Episode End
BeginDistance: 0.1726781
prevBest: 0.03599958
SpeedReward: -49.59111
AngleReward: -19.30062
DistanceReward: -32.53313
StepReward: 0
GroundHit: False
Log From last Episode End
BeginDistance: 0.267521
prevBest: 0.03651252
SpeedReward: -45.03873
AngleReward: -10.41006
DistanceReward: -24.51605
StepReward: 0
GroundHit: False
Log From last Episode End
BeginDistance: 0.1426784
prevBest: 0.03846863
SpeedReward: -44.68663
AngleReward: -10.43821
DistanceReward: -35.1903
StepReward: 0
GroundHit: False
Log From last Episode End
BeginDistance: 0.2846732
prevBest: 0.04707354
SpeedReward: -55.83791
AngleReward: -30.62813
DistanceReward: -17.30968
StepReward: 0
GroundHit: False
Log From last Episode End
BeginDistance: 0.2005061
prevBest: 0.04095127
SpeedReward: -58.95709
AngleReward: -108.8564
DistanceReward: -43.65007
StepReward: 0
GroundHit: False
Log From last Episode End
BeginDistance: 0.1716408
prevBest: 0.0382621
SpeedReward: -52.64944
AngleReward: -46.95313
DistanceReward: -32.1025
StepReward: 0
GroundHit: False
Log From last Episode End
BeginDistance: 0.4089945
prevBest: 0.04100801
SpeedReward: -53.1306
AngleReward: -35.33641
DistanceReward: 3.78671
StepReward: 0
GroundHit: False
Log From last Episode End
Penalty: FingerA collided with Peg
Penalty: FingerB collided with Peg
Penalty: FingerB collided with Peg
Penalty: FingerA collided with Peg
Penalty: FingerB collided with Peg
Penalty: FingerA collided with Peg
BeginDistance: 0.1491008
prevBest: 0.03666826
SpeedReward: -43.68201
AngleReward: -37.7796
DistanceReward: -36.96285
StepReward: 0
GroundHit: False
Log From last Episode End
BeginDistance: 0.1952835
prevBest: 0.03629759
SpeedReward: -53.44642
AngleReward: -17.57935
DistanceReward: -35.85023
StepReward: 0
GroundHit: False
Log From last Episode End
BeginDistance: 0.249329
prevBest: 0.03955837
SpeedReward: -56.35276
AngleReward: -11.59138
DistanceReward: -30.78287
StepReward: 0
GroundHit: False
Log From last Episode End
BeginDistance: 0.186655
prevBest: 0.04233804
SpeedReward: -49.69176
AngleReward: -56.33136
DistanceReward: -26.96836
StepReward: 0
GroundHit: False
Log From last Episode End
BeginDistance: 0.4087915
prevBest: 0.04040453
SpeedReward: -46.65889
AngleReward: -23.91435
DistanceReward: 0.5714034
StepReward: 0
GroundHit: False
Log From last Episode End
BeginDistance: 0.1352973
prevBest: 0.03884055
SpeedReward: -40.65577
AngleReward: -21.67464
DistanceReward: -45.43792
StepReward: 0
GroundHit: False
Log From last Episode End
BeginDistance: 0.1528042
prevBest: 0.03624227
SpeedReward: -54.43726
AngleReward: -10.13304
DistanceReward: -30.86428
StepReward: 0
GroundHit: False
Log From last Episode End
BeginDistance: 0.3424498
prevBest: 0.03403606
SpeedReward: -54.19978
AngleReward: -19.67739
DistanceReward: -7.977189
StepReward: 0
GroundHit: False
Log From last Episode End
BeginDistance: 0.4139386
prevBest: 0.04049081
SpeedReward: -57.54737
AngleReward: -26.35096
DistanceReward: 0.8879722
StepReward: 0
GroundHit: False
Log From last Episode End
BeginDistance: 0.1869511
prevBest: 0.0395308
SpeedReward: -53.27537
AngleReward: -24.03549
DistanceReward: -32.27056
StepReward: 0
GroundHit: False
Log From last Episode End
BeginDistance: 0.288029
prevBest: 0.04020492
SpeedReward: -55.68441
AngleReward: -12.91384
DistanceReward: -9.609799
StepReward: 0
GroundHit: False
Log From last Episode End
BeginDistance: 0.09113403
prevBest: 0.05492349
SpeedReward: -55.37195
AngleReward: -41.69635
DistanceReward: -82.54146
StepReward: 0
GroundHit: False
Log From last Episode End
BeginDistance: 0.05821981
prevBest: 0.04002728
SpeedReward: -55.95987
AngleReward: -11.8631
DistanceReward: -54.81564
StepReward: 0
GroundHit: False
Log From last Episode End
BeginDistance: 0.1112871
prevBest: 0.04304187
SpeedReward: -53.01602
AngleReward: -20.28976
DistanceReward: -42.45939
StepReward: 0
GroundHit: False
Log From last Episode End
BeginDistance: 0.4510691
prevBest: 0.04007488
SpeedReward: -51.91072
AngleReward: -21.41353
DistanceReward: 17.59856
StepReward: 0
GroundHit: False
Log From last Episode End
BeginDistance: 0.3232715
prevBest: 0.04306164
SpeedReward: -58.94335
AngleReward: -14.80897
DistanceReward: -21.58541
StepReward: 0
GroundHit: False
Log From last Episode End
Penalty: FingerA collided with Peg
Penalty: FingerB collided with Peg
Penalty: FingerB collided with Peg
Penalty: FingerA collided with Peg
Penalty: FingerB collided with Peg
Penalty: FingerA collided with Peg
Penalty: FingerB collided with Peg
Penalty: FingerA collided with Peg
Penalty: FingerA collided with Peg
Penalty: FingerB collided with Peg
Penalty: FingerB collided with Peg
Penalty: FingerA collided with Peg
Penalty: FingerB collided with Peg
BeginDistance: 0.2570286
prevBest: 0.04067052
SpeedReward: -56.67788
AngleReward: -13.28081
DistanceReward: -23.08536
StepReward: 0
GroundHit: False
Log From last Episode End
BeginDistance: 0.1375217
prevBest: 0.04286826
SpeedReward: -63.1172
AngleReward: -10.9963
DistanceReward: -44.74227
StepReward: 0
GroundHit: False
Log From last Episode End
BeginDistance: 0.2230278
prevBest: 0.03729143
SpeedReward: -50.51142
AngleReward: -12.46549
DistanceReward: -27.49098
StepReward: 0
GroundHit: False
Log From last Episode End
BeginDistance: 0.117837
prevBest: 0.03816411
SpeedReward: -41.83681
AngleReward: -11.56801
DistanceReward: -57.92978
StepReward: 0
GroundHit: False
Log From last Episode End
BeginDistance: 0.3642313
prevBest: 0.03677265
SpeedReward: -47.54696
AngleReward: -12.88228
DistanceReward: 3.54883
StepReward: 0
GroundHit: False
Log From last Episode End
BeginDistance: 0.2453884
prevBest: 0.03452937
SpeedReward: -56.89192
AngleReward: -11.612
DistanceReward: -43.27223
StepReward: 0
GroundHit: False
Log From last Episode End
BeginDistance: 0.158592
prevBest: 0.0417937
SpeedReward: -54.61614
AngleReward: -29.3571
DistanceReward: -39.00388
StepReward: 0
GroundHit: False
Log From last Episode End
BeginDistance: 0.4290728
prevBest: 0.0352265
SpeedReward: -54.25541
AngleReward: -30.0948
DistanceReward: -10.69866
StepReward: 0
GroundHit: False
Log From last Episode End
BeginDistance: 0.4219529
prevBest: 0.04287922
SpeedReward: -54.75399
AngleReward: -19.8167
DistanceReward: -13.1742
StepReward: 0
GroundHit: False
Log From last Episode End
BeginDistance: 0.2996763
prevBest: 0.03869298
SpeedReward: -55.04855
AngleReward: -11.62798
DistanceReward: -7.522944
StepReward: 0
GroundHit: False
Log From last Episode End
BeginDistance: 0.07817224
prevBest: 0.04132057
SpeedReward: -53.19516
AngleReward: -19.56488
DistanceReward: -49.21278
StepReward: 0
GroundHit: False
Log From last Episode End
BeginDistance: 0.144158
prevBest: 0.04322625
SpeedReward: -57.10765
AngleReward: -11.27671
DistanceReward: -40.45347
StepReward: 0
GroundHit: False
Log From last Episode End
BeginDistance: 0.313873
prevBest: 0.04071103
SpeedReward: -51.7999
AngleReward: -45.6162
DistanceReward: -14.02729
StepReward: 0
GroundHit: False
Log From last Episode End
BeginDistance: 0.3208989
prevBest: 0.06618842
SpeedReward: -51.34338
AngleReward: -42.26488
DistanceReward: -28.02169
StepReward: 0
GroundHit: False
Log From last Episode End
BeginDistance: 0.4449798
prevBest: 0.03405527
SpeedReward: -56.41885
AngleReward: -13.27135
DistanceReward: 6.632114
StepReward: 0
GroundHit: False
Log From last Episode End
BeginDistance: 0.1945092
prevBest: 0.03564589
SpeedReward: -48.07161
AngleReward: -12.85191
DistanceReward: -29.36076
StepReward: 0
GroundHit: False
Log From last Episode End
Penalty: FingerA collided with Peg
Penalty: FingerB collided with Peg
Penalty: FingerB collided with Peg
Penalty: FingerB collided with Peg
Penalty: FingerB collided with Peg
Penalty: FingerB collided with Peg
BeginDistance: 0.3450135
prevBest: 0.03808829
SpeedReward: -46.38705
AngleReward: -39.56245
DistanceReward: -3.546324
StepReward: 0
GroundHit: False
Log From last Episode End
BeginDistance: 0.2434343
prevBest: 0.04296863
SpeedReward: -57.18617
AngleReward: -12.56416
DistanceReward: -21.88849
StepReward: 0
GroundHit: False
Log From last Episode End
BeginDistance: 0.09605601
prevBest: 0.04107845
SpeedReward: -48.40093
AngleReward: -10.39124
DistanceReward: -45.94681
StepReward: 0
GroundHit: False
Log From last Episode End
BeginDistance: 0.2077985
prevBest: 0.04295607
SpeedReward: -42.92596
AngleReward: -22.76297
DistanceReward: -25.73096
StepReward: 0
GroundHit: False
Log From last Episode End
BeginDistance: 0.427169
prevBest: 0.0439027
SpeedReward: -58.16009
AngleReward: -26.62844
DistanceReward: -8.550972
StepReward: 0
GroundHit: False
Log From last Episode End
BeginDistance: 0.3374089
prevBest: 0.0430125
SpeedReward: -42.34342
AngleReward: -31.74965
DistanceReward: 0.7670738
StepReward: 0
GroundHit: False
Log From last Episode End
BeginDistance: 0.2365319
prevBest: 0.04041396
SpeedReward: -39.60023
AngleReward: -19.55593
DistanceReward: -23.29971
StepReward: 0
GroundHit: False
Log From last Episode End
BeginDistance: 0.3601268
prevBest: 0.05385238
SpeedReward: -51.40279
AngleReward: -41.88028
DistanceReward: -19.88102
StepReward: 0
GroundHit: False
Log From last Episode End
BeginDistance: 0.3499315
prevBest: 0.04073984
SpeedReward: -41.48741
AngleReward: -17.93865
DistanceReward: -0.5496455
StepReward: 0
GroundHit: False
Log From last Episode End
BeginDistance: 0.3585035
prevBest: 0.03946741
SpeedReward: -51.69731
AngleReward: -12.95985
DistanceReward: -8.838792
StepReward: 0
GroundHit: False
Log From last Episode End
BeginDistance: 0.08690756
prevBest: 0.03518305
SpeedReward: -50.22728
AngleReward: -11.77047
DistanceReward: -43.72431
StepReward: 0
GroundHit: False
Log From last Episode End
BeginDistance: 0.1483238
prevBest: 0.03457276
SpeedReward: -55.52449
AngleReward: -11.62333
DistanceReward: -35.41544
StepReward: 0
GroundHit: False
Log From last Episode End
BeginDistance: 0.2816485
prevBest: 0.03780977
SpeedReward: -54.86634
AngleReward: -11.87032
DistanceReward: -23.05434
StepReward: 0
GroundHit: False
Log From last Episode End
BeginDistance: 0.2007252
prevBest: 0.03698513
SpeedReward: -45.93642
AngleReward: -11.08927
DistanceReward: -30.1412
StepReward: 0
GroundHit: False
Log From last Episode End
BeginDistance: 0.4195886
prevBest: 0.03557367
SpeedReward: -47.23937
AngleReward: -31.30799
DistanceReward: 11.95942
StepReward: 0
GroundHit: False
Log From last Episode End
BeginDistance: 0.1035941
prevBest: 0.03878757
SpeedReward: -42.93604
AngleReward: -41.64709
DistanceReward: -52.36346
StepReward: 0
GroundHit: False
Log From last Episode End
Penalty: FingerB collided with Peg
Penalty: FingerA collided with Peg
Penalty: FingerA collided with Peg
Penalty: FingerB collided with Peg
Penalty: FingerB collided with Peg
Penalty: FingerB collided with Peg
Penalty: FingerB collided with Peg
Penalty: FingerA collided with Peg
Penalty: FingerB collided with Peg
BeginDistance: 0.1343374
prevBest: 0.03823109
SpeedReward: -47.74633
AngleReward: -25.12519
DistanceReward: -37.51005
StepReward: 0
GroundHit: False
Log From last Episode End
BeginDistance: 0.1523228
prevBest: 0.03915488
SpeedReward: -40.46348
AngleReward: -10.26028
DistanceReward: -34.30238
StepReward: 0
GroundHit: False
Log From last Episode End
BeginDistance: 0.1832368
prevBest: 0.03919085
SpeedReward: -54.97916
AngleReward: -11.75435
DistanceReward: -32.28913
StepReward: 0
GroundHit: False
Log From last Episode End
BeginDistance: 0.09914024
prevBest: 0.06561323
SpeedReward: -51.8686
AngleReward: -42.40818
DistanceReward: -72.0353
StepReward: 0
GroundHit: False
Log From last Episode End
BeginDistance: 0.2452011
prevBest: 0.03810591
SpeedReward: -53.54828
AngleReward: -11.75184
DistanceReward: -27.50391
StepReward: 0
GroundHit: False
Log From last Episode End
BeginDistance: 0.1237334
prevBest: 0.03754763
SpeedReward: -53.73108
AngleReward: -26.43515
DistanceReward: -37.83232
StepReward: 0
GroundHit: False
Log From last Episode End
BeginDistance: 0.2283001
prevBest: 0.03471407
SpeedReward: -58.03979
AngleReward: -9.94484
DistanceReward: -25.48408
StepReward: 0
GroundHit: False
Log From last Episode End
BeginDistance: 0.2996765
prevBest: 0.0528573
SpeedReward: -52.52436
AngleReward: -21.52564
DistanceReward: -27.41465
StepReward: 0
GroundHit: False
Log From last Episode End
BeginDistance: 0.1082157
prevBest: 0.03851269
SpeedReward: -48.3497
AngleReward: -8.358294
DistanceReward: -40.57973
StepReward: 0
GroundHit: False
Log From last Episode End
BeginDistance: 0.207619
prevBest: 0.04107961
SpeedReward: -49.54785
AngleReward: -15.57965
DistanceReward: -31.51129
StepReward: 0
GroundHit: False
Log From last Episode End
BeginDistance: 0.3506119
prevBest: 0.04721112
SpeedReward: -52.21547
AngleReward: -41.43209
DistanceReward: -46.62942
StepReward: 0
GroundHit: False
Log From last Episode End
BeginDistance: 0.3353848
prevBest: 0.04296725
SpeedReward: -50.77483
AngleReward: -18.98303
DistanceReward: -6.942657
StepReward: 0
GroundHit: False
Log From last Episode End
BeginDistance: 0.2504976
prevBest: 0.038459
SpeedReward: -58.12345
AngleReward: -31.43037
DistanceReward: -35.41462
StepReward: 0
GroundHit: False
Log From last Episode End
BeginDistance: 0.07183429
prevBest: 0.04369001
SpeedReward: -47.6776
AngleReward: -36.41154
DistanceReward: -53.30375
StepReward: 0
GroundHit: False
Log From last Episode End
BeginDistance: 0.1668511
prevBest: 0.03793836
SpeedReward: -50.68709
AngleReward: -10.31247
DistanceReward: -35.44381
StepReward: 0
GroundHit: False
Log From last Episode End
BeginDistance: 0.3210982
prevBest: 0.03955219
SpeedReward: -54.15204
AngleReward: -14.58178
DistanceReward: -15.61532
StepReward: 0
GroundHit: False
Log From last Episode End
Penalty: FingerA collided with Peg
Penalty: FingerA collided with Peg
Penalty: FingerA collided with Peg
Penalty: FingerB collided with Peg
Penalty: FingerB collided with Peg
Penalty: FingerB collided with Peg
Penalty: FingerB collided with Peg
Penalty: FingerA collided with Peg
BeginDistance: 0.149708
prevBest: 0.04044752
SpeedReward: -57.82397
AngleReward: -13.61248
DistanceReward: -46.92625
StepReward: 0
GroundHit: False
Log From last Episode End
BeginDistance: 0.1913254
prevBest: 0.04124411
SpeedReward: -56.06824
AngleReward: -15.75781
DistanceReward: -33.34792
StepReward: 0
GroundHit: False
Log From last Episode End
BeginDistance: 0.10443
prevBest: 0.03614035
SpeedReward: -53.13033
AngleReward: -10.70096
DistanceReward: -44.49916
StepReward: 0
GroundHit: False
Log From last Episode End
BeginDistance: 0.2934592
prevBest: 0.04024099
SpeedReward: -48.63445
AngleReward: -11.69998
DistanceReward: -18.16563
StepReward: 0
GroundHit: False
Log From last Episode End
BeginDistance: 0.1549784
prevBest: 0.04423759
SpeedReward: -56.40695
AngleReward: -75.31166
DistanceReward: -47.94656
StepReward: 0
GroundHit: False
Log From last Episode End
BeginDistance: 0.2612276
prevBest: 0.06095207
SpeedReward: -54.99416
AngleReward: -30.06727
DistanceReward: -31.35394
StepReward: 0
GroundHit: False
Log From last Episode End
BeginDistance: 0.3140146
prevBest: 0.03893149
SpeedReward: -54.76751
AngleReward: -23.81345
DistanceReward: -12.57285
StepReward: 0
GroundHit: False
Log From last Episode End
BeginDistance: 0.2702422
prevBest: 0.0318627
SpeedReward: -40.72951
AngleReward: -10.4022
DistanceReward: -17.43494
StepReward: 0
GroundHit: False
Log From last Episode End
BeginDistance: 0.08251368
prevBest: 0.04264876
SpeedReward: -45.98342
AngleReward: -35.08447
DistanceReward: -52.7087
StepReward: 0
GroundHit: False
Log From last Episode End
BeginDistance: 0.141931
prevBest: 0.0463635
SpeedReward: -55.08124
AngleReward: -27.19986
DistanceReward: -50.7406
StepReward: 0
GroundHit: False
Log From last Episode End
BeginDistance: 0.4369274
prevBest: 0.03935599
SpeedReward: -49.68813
AngleReward: -11.35507
DistanceReward: 5.104989
StepReward: 0
GroundHit: False
Log From last Episode End
BeginDistance: 0.2803628
prevBest: 0.03421331
SpeedReward: -59.47542
AngleReward: -17.65774
DistanceReward: -37.83713
StepReward: 0
GroundHit: False
Log From last Episode End
BeginDistance: 0.3804063
prevBest: 0.03423477
SpeedReward: -52.484
AngleReward: -9.844635
DistanceReward: -0.6488389
StepReward: 0
GroundHit: False
Log From last Episode End
BeginDistance: 0.2206908
prevBest: 0.03791075
SpeedReward: -50.316
AngleReward: -11.84553
DistanceReward: -29.28305
StepReward: 0
GroundHit: False
Log From last Episode End
BeginDistance: 0.2402188
prevBest: 0.04257845
SpeedReward: -58.92451
AngleReward: -55.95048
DistanceReward: -29.17356
StepReward: 0
GroundHit: False
Log From last Episode End
BeginDistance: 0.175662
prevBest: 0.04153569
SpeedReward: -49.47513
AngleReward: -26.60906
DistanceReward: -33.50459
StepReward: 0
GroundHit: False
Log From last Episode End
Penalty: FingerB collided with Peg
Penalty: FingerB collided with Peg
Penalty: FingerB collided with Peg
Penalty: FingerB collided with Peg
BeginDistance: 0.1335655
prevBest: 0.03741538
SpeedReward: -45.88439
AngleReward: -18.96473
DistanceReward: -40.12866
StepReward: 0
GroundHit: False
Log From last Episode End
BeginDistance: 0.2890338
prevBest: 0.04046793
SpeedReward: -53.03593
AngleReward: -11.85791
DistanceReward: -11.45825
StepReward: 0
GroundHit: False
Log From last Episode End
BeginDistance: 0.08319414
prevBest: 0.0390551
SpeedReward: -55.56232
AngleReward: -11.19582
DistanceReward: -45.68284
StepReward: 0
GroundHit: False
Log From last Episode End
BeginDistance: 0.1173693
prevBest: 0.03966256
SpeedReward: -44.53633
AngleReward: -10.05485
DistanceReward: -43.39893
StepReward: 0
GroundHit: False
Log From last Episode End
BeginDistance: 0.2092085
prevBest: 0.04016517
SpeedReward: -51.86422
AngleReward: -37.89528
DistanceReward: -25.4914
StepReward: 0
GroundHit: False
Log From last Episode End
BeginDistance: 0.2285458
prevBest: 0.0428726
SpeedReward: -54.42891
AngleReward: -19.65497
DistanceReward: -30.03266
StepReward: 0
GroundHit: False
Log From last Episode End
BeginDistance: 0.1187879
prevBest: 0.04295567
SpeedReward: -61.47055
AngleReward: -42.71869
DistanceReward: -56.61242
StepReward: 0
GroundHit: False
Log From last Episode End
BeginDistance: 0.08517499
prevBest: 0.04214987
SpeedReward: -45.71337
AngleReward: -85.71075
DistanceReward: -50.30336
StepReward: 0
GroundHit: False
Log From last Episode End
BeginDistance: 0.126685
prevBest: 0.04057035
SpeedReward: -55.62463
AngleReward: -11.45351
DistanceReward: -39.7858
StepReward: 0
GroundHit: False
Log From last Episode End
BeginDistance: 0.2434431
prevBest: 0.03819436
SpeedReward: -48.45264
AngleReward: -9.583609
DistanceReward: -22.44243
StepReward: 0
GroundHit: False
Log From last Episode End
BeginDistance: 0.2874031
prevBest: 0.04948039
SpeedReward: -55.55923
AngleReward: -37.86944
DistanceReward: -39.41708
StepReward: 0
GroundHit: False
Log From last Episode End
BeginDistance: 0.2572587
prevBest: 0.03904695
SpeedReward: -57.89596
AngleReward: -31.00987
DistanceReward: -50.42101
StepReward: 0
GroundHit: False
Log From last Episode End
BeginDistance: 0.09106342
prevBest: 0.04232997
SpeedReward: -50.9437
AngleReward: -27.52843
DistanceReward: -65.91474
StepReward: 0
GroundHit: False
Log From last Episode End
BeginDistance: 0.1588708
prevBest: 0.03968511
SpeedReward: -47.83387
AngleReward: -9.71374
DistanceReward: -31.37357
StepReward: 0
GroundHit: False
Log From last Episode End
BeginDistance: 0.376757
prevBest: 0.04992706
SpeedReward: -51.08289
AngleReward: -37.04593
DistanceReward: -29.03216
StepReward: 0
GroundHit: False
Log From last Episode End
BeginDistance: 0.1284011
prevBest: 0.03756471
SpeedReward: -55.65407
AngleReward: -11.69398
DistanceReward: -40.05474
StepReward: 0
GroundHit: False
Log From last Episode End
Penalty: FingerA collided with Peg
Penalty: FingerB collided with Peg
Penalty: FingerA collided with Peg
Penalty: FingerB collided with Peg
Penalty: FingerA collided with Peg
Penalty: FingerA collided with Peg
BeginDistance: 0.3241071
prevBest: 0.04041379
SpeedReward: -49.59905
AngleReward: -11.63145
DistanceReward: -7.99205
StepReward: 0
GroundHit: False
Log From last Episode End
BeginDistance: 0.1387245
prevBest: 0.0427607
SpeedReward: -51.66248
AngleReward: -38.17178
DistanceReward: -42.64526
StepReward: 0
GroundHit: False
Log From last Episode End
BeginDistance: 0.1429259
prevBest: 0.03375006
SpeedReward: -54.12249
AngleReward: -14.74669
DistanceReward: -43.13444
StepReward: 0
GroundHit: False
Log From last Episode End
BeginDistance: 0.2615045
prevBest: 0.0311749
SpeedReward: -60.99206
AngleReward: -37.34378
DistanceReward: -46.4593
StepReward: 0
GroundHit: False
Log From last Episode End
BeginDistance: 0.2324647
prevBest: 0.03823172
SpeedReward: -49.26162
AngleReward: -15.4148
DistanceReward: -25.68313
StepReward: 0
GroundHit: False
Log From last Episode End
BeginDistance: 0.3901097
prevBest: 0.03808319
SpeedReward: -45.23179
AngleReward: -10.24652
DistanceReward: -1.8499
StepReward: 0
GroundHit: False
Log From last Episode End
BeginDistance: 0.05619196
prevBest: 0.04093503
SpeedReward: -52.958
AngleReward: -13.87187
DistanceReward: -52.76858
StepReward: 0
GroundHit: False
Log From last Episode End
BeginDistance: 0.1000425
prevBest: 0.04127993
SpeedReward: -54.98478
AngleReward: -16.33963
DistanceReward: -47.28146
StepReward: 0
GroundHit: False
Log From last Episode End
BeginDistance: 0.2464808
prevBest: 0.04152115
SpeedReward: -57.51612
AngleReward: -24.09733
DistanceReward: -39.12342
StepReward: 0
GroundHit: False
Log From last Episode End
BeginDistance: 0.08772003
prevBest: 0.04165135
SpeedReward: -46.63038
AngleReward: -11.80059
DistanceReward: -48.55724
StepReward: 0
GroundHit: False
Log From last Episode End
BeginDistance: 0.2168009
prevBest: 0.0489126
SpeedReward: -58.62362
AngleReward: -30.52079
DistanceReward: -33.35146
StepReward: 0
GroundHit: False
Log From last Episode End
BeginDistance: 0.2687943
prevBest: 0.03877905
SpeedReward: -52.26043
AngleReward: -10.17383
DistanceReward: -22.70718
StepReward: 0
GroundHit: False
Log From last Episode End
BeginDistance: 0.2632419
prevBest: 0.03029882
SpeedReward: -45.84234
AngleReward: -26.45563
DistanceReward: -19.25677
StepReward: 0
GroundHit: False
Log From last Episode End
BeginDistance: 0.2687018
prevBest: 0.04131222
SpeedReward: -56.16706
AngleReward: -12.39923
DistanceReward: -18.00879
StepReward: 0
GroundHit: False
Log From last Episode End
BeginDistance: 0.1931126
prevBest: 0.04077665
SpeedReward: -53.49242
AngleReward: -29.36857
DistanceReward: -25.7591
StepReward: 0
GroundHit: False
Log From last Episode End
BeginDistance: 0.1936019
prevBest: 0.04693048
SpeedReward: -61.66058
AngleReward: -16.91147
DistanceReward: -37.72272
StepReward: 0
GroundHit: False
Log From last Episode End
Penalty: FingerB collided with Peg
Penalty: FingerB collided with Peg
Penalty: FingerB collided with Peg
Penalty: FingerB collided with Peg
Penalty: FingerB collided with Peg
Penalty: FingerB collided with Peg
Penalty: FingerB collided with Peg
Penalty: FingerA collided with Peg
Penalty: FingerB collided with Peg
Penalty: FingerB collided with Peg
Penalty: FingerB collided with Peg
Penalty: FingerB collided with Peg
BeginDistance: 0.185335
prevBest: 0.03770817
SpeedReward: -42.83334
AngleReward: -9.630995
DistanceReward: -31.71573
StepReward: 0
GroundHit: False
Log From last Episode End
BeginDistance: 0.4375207
prevBest: 0.0374914
SpeedReward: -55.46662
AngleReward: -29.98848
DistanceReward: 9.814145
StepReward: 0
GroundHit: False
Log From last Episode End
BeginDistance: 0.1246327
prevBest: 0.0356039
SpeedReward: -54.06114
AngleReward: -12.70526
DistanceReward: -40.47703
StepReward: 0
GroundHit: False
Log From last Episode End
BeginDistance: 0.3560844
prevBest: 0.04508111
SpeedReward: -50.92525
AngleReward: -29.5471
DistanceReward: -19.08015
StepReward: 0
GroundHit: False
Log From last Episode End
BeginDistance: 0.3762035
prevBest: 0.03448654
SpeedReward: -49.67574
AngleReward: -29.92245
DistanceReward: -13.76185
StepReward: 0
GroundHit: False
Log From last Episode End
BeginDistance: 0.1736252
prevBest: 0.04696456
SpeedReward: -51.51917
AngleReward: -30.36306
DistanceReward: -56.0904
StepReward: 0
GroundHit: False
Log From last Episode End
BeginDistance: 0.2960369
prevBest: 0.03798737
SpeedReward: -49.67018
AngleReward: -21.03307
DistanceReward: -15.36891
StepReward: 0
GroundHit: False
Log From last Episode End
BeginDistance: 0.3715623
prevBest: 0.03899001
SpeedReward: -52.75423
AngleReward: -10.47998
DistanceReward: -12.10207
StepReward: 0
GroundHit: False
Log From last Episode End
BeginDistance: 0.1466789
prevBest: 0.04663766
SpeedReward: -38.6788
AngleReward: -56.95546
DistanceReward: -41.83548
StepReward: 0
GroundHit: False
Log From last Episode End
BeginDistance: 0.1121969
prevBest: 0.04126333
SpeedReward: -43.8967
AngleReward: -13.0723
DistanceReward: -47.59001
StepReward: 0
GroundHit: False
Log From last Episode End
BeginDistance: 0.1109194
prevBest: 0.0382968
SpeedReward: -51.66544
AngleReward: -13.47205
DistanceReward: -49.81929
StepReward: 0
GroundHit: False
Log From last Episode End
BeginDistance: 0.1848956
prevBest: 0.04081006
SpeedReward: -56.14495
AngleReward: -10.25758
DistanceReward: -34.2551
StepReward: 0
GroundHit: False
Log From last Episode End
BeginDistance: 0.2282912
prevBest: 0.0344368
SpeedReward: -42.94674
AngleReward: -9.539938
DistanceReward: -22.27015
StepReward: 0
GroundHit: False
Log From last Episode End
BeginDistance: 0.2050727
prevBest: 0.0447843
SpeedReward: -47.2493
AngleReward: -25.90941
DistanceReward: -28.93934
StepReward: 0
GroundHit: False
Log From last Episode End
BeginDistance: 0.2597296
prevBest: 0.03018079
SpeedReward: -51.57081
AngleReward: -13.32173
DistanceReward: -18.12146
StepReward: 0
GroundHit: False
Log From last Episode End
BeginDistance: 0.2230554
prevBest: 0.03825075
SpeedReward: -55.45657
AngleReward: -22.73361
DistanceReward: -45.11631
StepReward: 0
GroundHit: False
Log From last Episode End
Penalty: FingerB collided with Peg
Penalty: FingerA collided with Peg
Penalty: FingerA collided with Peg
Penalty: FingerB collided with Peg
Penalty: FingerA collided with Peg
Penalty: FingerB collided with Peg
Penalty: FingerB collided with Peg
BeginDistance: 0.3319092
prevBest: 0.03504518
SpeedReward: -50.06219
AngleReward: -15.81533
DistanceReward: -13.2898
StepReward: 0
GroundHit: False
Log From last Episode End
BeginDistance: 0.4925966
prevBest: 0.0506301
SpeedReward: -54.25754
AngleReward: -25.27757
DistanceReward: 15.33649
StepReward: 0
GroundHit: False
Log From last Episode End
BeginDistance: 0.167228
prevBest: 0.02969571
SpeedReward: -53.28191
AngleReward: -20.98618
DistanceReward: -43.3294
StepReward: 0
GroundHit: False
Log From last Episode End
BeginDistance: 0.1858718
prevBest: 0.05679818
SpeedReward: -45.98079
AngleReward: -37.82387
DistanceReward: -46.04637
StepReward: 0
GroundHit: False
Log From last Episode End
BeginDistance: 0.2428559
prevBest: 0.03808983
SpeedReward: -46.74282
AngleReward: -10.61759
DistanceReward: -23.23142
StepReward: 0
GroundHit: False
Log From last Episode End
BeginDistance: 0.2445873
prevBest: 0.04902599
SpeedReward: -55.64208
AngleReward: -22.90473
DistanceReward: -38.58221
StepReward: 0
GroundHit: False
Log From last Episode End
BeginDistance: 0.1114156
prevBest: 0.03986479
SpeedReward: -54.63575
AngleReward: -17.76884
DistanceReward: -42.14581
StepReward: 0
GroundHit: False
Log From last Episode End
BeginDistance: 0.1883926
prevBest: 0.04477996
SpeedReward: -49.69694
AngleReward: -44.15318
DistanceReward: -30.53733
StepReward: 0
GroundHit: False
Log From last Episode End
BeginDistance: 0.2627686
prevBest: 0.03533773
SpeedReward: -58.68325
AngleReward: -22.02814
DistanceReward: -23.35671
StepReward: 0
GroundHit: False
Log From last Episode End
BeginDistance: 0.2966923
prevBest: 0.04777345
SpeedReward: -57.981
AngleReward: -138.3575
DistanceReward: -18.12251
StepReward: 0
GroundHit: False
Log From last Episode End
BeginDistance: 0.1021875
prevBest: 0.04751796
SpeedReward: -54.82054
AngleReward: -25.25503
DistanceReward: -56.033
StepReward: 0
GroundHit: False
Log From last Episode End
BeginDistance: 0.2777502
prevBest: 0.03756609
SpeedReward: -50.55345
AngleReward: -22.59407
DistanceReward: -6.415414
StepReward: 0
GroundHit: False
Log From last Episode End
BeginDistance: 0.09156333
prevBest: 0.03880741
SpeedReward: -48.34959
AngleReward: -19.27704
DistanceReward: -44.05859
StepReward: 0
GroundHit: False
Log From last Episode End
BeginDistance: 0.2276524
prevBest: 0.04094227
SpeedReward: -53.93652
AngleReward: -100.7697
DistanceReward: -35.42987
StepReward: 0
GroundHit: False
Log From last Episode End
BeginDistance: 0.4249236
prevBest: 0.03649741
SpeedReward: -46.02979
AngleReward: -10.21491
DistanceReward: 11.10838
StepReward: 0
GroundHit: False
Log From last Episode End
BeginDistance: 0.2935336
prevBest: 0.04267317
SpeedReward: -38.21004
AngleReward: -11.6534
DistanceReward: -16.80789
StepReward: 0
GroundHit: False
Log From last Episode End
Penalty: FingerB collided with Peg
Penalty: FingerB collided with Peg
Penalty: FingerB collided with Peg
Penalty: FingerB collided with Peg
Penalty: FingerB collided with Peg
Penalty: FingerA collided with Peg
Penalty: FingerB collided with Peg
Penalty: FingerA collided with Peg
BeginDistance: 0.2097107
prevBest: 0.03567261
SpeedReward: -47.25768
AngleReward: -11.5569
DistanceReward: -33.33577
StepReward: 0
GroundHit: False
Log From last Episode End
BeginDistance: 0.21053
prevBest: 0.03881756
SpeedReward: -57.29916
AngleReward: -11.26479
DistanceReward: -39.37225
StepReward: 0
GroundHit: False
Log From last Episode End
BeginDistance: 0.1331929
prevBest: 0.04148092
SpeedReward: -55.31541
AngleReward: -13.40036
DistanceReward: -35.5609
StepReward: 0
GroundHit: False
Log From last Episode End
BeginDistance: 0.2133777
prevBest: 0.04417345
SpeedReward: -39.54179
AngleReward: -27.73568
DistanceReward: -23.57492
StepReward: 0
GroundHit: False
Log From last Episode End
BeginDistance: 0.1556159
prevBest: 0.03806936
SpeedReward: -57.80169
AngleReward: -64.65813
DistanceReward: -48.17377
StepReward: 0
GroundHit: False
Log From last Episode End
BeginDistance: 0.1125676
prevBest: 0.04283965
SpeedReward: -56.37407
AngleReward: -70.18909
DistanceReward: -50.98175
StepReward: 0
GroundHit: False
Log From last Episode End
BeginDistance: 0.2011329
prevBest: 0.04273942
SpeedReward: -39.95564
AngleReward: -21.53003
DistanceReward: -31.73755
StepReward: 0
GroundHit: False
Log From last Episode End
BeginDistance: 0.2621938
prevBest: 0.04192599
SpeedReward: -49.70616
AngleReward: -23.15339
DistanceReward: -18.74083
StepReward: 0
GroundHit: False
Log From last Episode End
BeginDistance: 0.09388849
prevBest: 0.03757204
SpeedReward: -52.8189
AngleReward: -10.60345
DistanceReward: -41.25981
StepReward: 0
GroundHit: False
Log From last Episode End
BeginDistance: 0.1916811
prevBest: 0.03951107
SpeedReward: -55.82143
AngleReward: -32.4621
DistanceReward: -41.43388
StepReward: 0
GroundHit: False
Log From last Episode End
BeginDistance: 0.1349358
prevBest: 0.04647706
SpeedReward: -59.93779
AngleReward: -76.34291
DistanceReward: -50.69632
StepReward: 0
GroundHit: False
Log From last Episode End
BeginDistance: 0.1797959
prevBest: 0.04986623
SpeedReward: -56.21015
AngleReward: -18.57959
DistanceReward: -36.33836
StepReward: 0
GroundHit: False
Log From last Episode End
BeginDistance: 0.1921922
prevBest: 0.03901777
SpeedReward: -53.50613
AngleReward: -12.59444
DistanceReward: -31.37728
StepReward: 0
GroundHit: False
Log From last Episode End
BeginDistance: 0.3281578
prevBest: 0.06170911
SpeedReward: -54.44144
AngleReward: -35.71492
DistanceReward: -28.87123
StepReward: 0
GroundHit: False
Log From last Episode End
BeginDistance: 0.2988205
prevBest: 0.02714034
SpeedReward: -59.32433
AngleReward: -31.20052
DistanceReward: -22.23461
StepReward: 0
GroundHit: False
Log From last Episode End
BeginDistance: 0.1558742
prevBest: 0.03963449
SpeedReward: -38.17951
AngleReward: -10.86082
DistanceReward: -45.36379
StepReward: 0
GroundHit: False
Log From last Episode End
Penalty: FingerB collided with Peg
Penalty: FingerA collided with Peg
Penalty: FingerA collided with Peg
